  CALL    scripts/checksyscalls.sh
make[5]: warning: -j12 forced in makefile: resetting jobserver mode.
make[6]: warning: -j12 forced in makefile: resetting jobserver mode.
  CC [M]  drivers/staging/rtl8852bs/phl/hal_g6/phy/bb/halbb.o
  CC [M]  drivers/staging/rtl8852bs/phl/hal_g6/phy/bb/halbb_api.o
  CC [M]  drivers/staging/rtl8852bs/phl/hal_g6/phy/bb/halbb_rua_tbl.o
  CC [M]  drivers/staging/rtl8852bs/phl/hal_g6/phy/bb/halbb_auto_dbg.o
  CC [M]  drivers/staging/rtl8852bs/phl/hal_g6/phy/bb/halbb_cfo_trk.o
  CC [M]  drivers/staging/rtl8852bs/phl/hal_g6/phy/bb/halbb_ch_info.o
  CC [M]  drivers/staging/rtl8852bs/phl/hal_g6/phy/bb/halbb_cmn_rpt.o
  CC [M]  drivers/staging/rtl8852bs/phl/hal_g6/phy/bb/halbb_dbcc.o
  CC [M]  drivers/staging/rtl8852bs/phl/hal_g6/phy/bb/halbb_dbg.o
  CC [M]  drivers/staging/rtl8852bs/phl/hal_g6/phy/bb/halbb_dbg_cmd.o
  CC [M]  drivers/staging/rtl8852bs/phl/hal_g6/phy/bb/halbb_dfs.o
  CC [M]  drivers/staging/rtl8852bs/phl/hal_g6/phy/bb/halbb_edcca.o
  CC [M]  drivers/staging/rtl8852bs/phl/hal_g6/phy/bb/halbb_env_mntr.o
  CC [M]  drivers/staging/rtl8852bs/phl/hal_g6/phy/bb/halbb_hw_cfg.o
  CC [M]  drivers/staging/rtl8852bs/phl/hal_g6/phy/bb/halbb_init.o
  CC [M]  drivers/staging/rtl8852bs/phl/hal_g6/phy/bb/halbb_interface.o
  CC [M]  drivers/staging/rtl8852bs/phl/hal_g6/phy/bb/halbb_la_mode.o
  CC [M]  drivers/staging/rtl8852bs/phl/hal_g6/phy/bb/halbb_math_lib.o
  CC [M]  drivers/staging/rtl8852bs/phl/hal_g6/phy/bb/halbb_mp.o
  CC [M]  drivers/staging/rtl8852bs/phl/hal_g6/phy/bb/halbb_spur_suppress.o
  CC [M]  drivers/staging/rtl8852bs/phl/hal_g6/phy/bb/halbb_plcp_gen.o
  CC [M]  drivers/staging/rtl8852bs/phl/hal_g6/phy/bb/halbb_plcp_tx.o
  CC [M]  drivers/staging/rtl8852bs/phl/hal_g6/phy/bb/halbb_plcp_tx_7.o
  CC [M]  drivers/staging/rtl8852bs/phl/hal_g6/phy/bb/halbb_pmac_setting.o
  CC [M]  drivers/staging/rtl8852bs/phl/hal_g6/phy/bb/halbb_psd.o
  CC [M]  drivers/staging/rtl8852bs/phl/hal_g6/phy/bb/halbb_ul_tb_ctrl.o
  CC [M]  drivers/staging/rtl8852bs/phl/hal_g6/phy/bb/halbb_physts.o
  CC [M]  drivers/staging/rtl8852bs/phl/hal_g6/phy/bb/halbb_physts_7.o
  CC [M]  drivers/staging/rtl8852bs/phl/hal_g6/phy/bb/halbb_pwr_ctrl.o
  CC [M]  drivers/staging/rtl8852bs/phl/hal_g6/phy/bb/halbb_ra.o
  CC [M]  drivers/staging/rtl8852bs/phl/hal_g6/phy/bb/halbb_statistics.o
  CC [M]  drivers/staging/rtl8852bs/phl/hal_g6/phy/bb/halbb_ant_div.o
  CC [M]  drivers/staging/rtl8852bs/phl/hal_g6/phy/bb/halbb_dig.o
  CC [M]  drivers/staging/rtl8852bs/phl/hal_g6/phy/bb/halbb_fwofld.o
  CC [M]  drivers/staging/rtl8852bs/phl/hal_g6/phy/bb/halbb_dyn_csi_rsp.o
  CC [M]  drivers/staging/rtl8852bs/phl/hal_g6/phy/bb/halbb_path_div.o
  CC [M]  drivers/staging/rtl8852bs/phl/hal_g6/phy/bb/halbb_dyn_1r_cca.o
  CC [M]  drivers/staging/rtl8852bs/phl/hal_g6/phy/bb/halbb_snif.o
  CC [M]  drivers/staging/rtl8852bs/phl/hal_g6/phy/bb/halbb_dyn_dtr.o
  CC [M]  drivers/staging/rtl8852bs/phl/hal_g6/phy/bb/halbb_dbg_cnsl_out.o
  CC [M]  drivers/staging/rtl8852bs/phl/hal_g6/phy/bb/halbb_bb_wrapper.o
  CC [M]  drivers/staging/rtl8852bs/phl/hal_g6/phy/bb/halbb_8852b/halbb_8852b.o
  CC [M]  drivers/staging/rtl8852bs/phl/hal_g6/phy/bb/halbb_8852b/halbb_8852b_api.o
  CC [M]  drivers/staging/rtl8852bs/phl/hal_g6/phy/bb/halbb_8852b/halbb_8852b_fwofld_api.o
  CC [M]  drivers/staging/rtl8852bs/phl/hal_g6/phy/bb/halbb_8852b/halbb_hwimg_8852b.o
  CC [M]  drivers/staging/rtl8852bs/phl/hal_g6/phy/bb/halbb_8852b/halbb_reg_cfg_8852b.o
  LD [M]  drivers/staging/rtl8852bs/8852bs.o
  MODPOST modules-only.symvers
WARNING: vmlinux.o is missing.
         Modules may not have dependencies or modversions.
         You may get many unresolved symbol warnings.
WARNING: modpost: "alt_cb_patch_nops" [mm/zsmalloc.ko] undefined!
WARNING: modpost: "_raw_spin_lock" [mm/zsmalloc.ko] undefined!
WARNING: modpost: "_raw_spin_unlock" [mm/zsmalloc.ko] undefined!
WARNING: modpost: "__ClearPageMovable" [mm/zsmalloc.ko] undefined!
WARNING: modpost: "__per_cpu_offset" [mm/zsmalloc.ko] undefined!
WARNING: modpost: "kmalloc_caches" [mm/zsmalloc.ko] undefined!
WARNING: modpost: "kmalloc_trace" [mm/zsmalloc.ko] undefined!
WARNING: modpost: "kfree" [mm/zsmalloc.ko] undefined!
WARNING: modpost: "unregister_shrinker" [mm/zsmalloc.ko] undefined!
WARNING: modpost: "flush_work" [mm/zsmalloc.ko] undefined!
WARNING: modpost: suppressed 32332 unresolved symbol warnings because there were too many)
  CC [M]  crypto/async_tx/async_memcpy.mod.o
  CC [M]  crypto/async_tx/async_pq.mod.o
  CC [M]  crypto/async_tx/async_raid6_recov.mod.o
  CC [M]  crypto/blake2b_generic.mod.o
  CC [M]  crypto/echainiv.mod.o
  CC [M]  crypto/lz4.mod.o
  CC [M]  crypto/michael_mic.mod.o
  CC [M]  crypto/seqiv.mod.o
  CC [M]  crypto/tcrypt.mod.o
  CC [M]  crypto/wp512.mod.o
  CC [M]  crypto/xcbc.mod.o
  CC [M]  crypto/xxhash_generic.mod.o
  CC [M]  drivers/ata/libata.mod.o
  CC [M]  drivers/bluetooth/ath3k.mod.o
  CC [M]  drivers/bluetooth/btbcm.mod.o
  CC [M]  drivers/bluetooth/btintel.mod.o
  CC [M]  drivers/bluetooth/btrtl.mod.o
  CC [M]  drivers/bluetooth/btusb.mod.o
  CC [M]  drivers/bluetooth/hci_uart.mod.o
  CC [M]  drivers/cdrom/cdrom.mod.o
  CC [M]  drivers/connector/cn.mod.o
  CC [M]  drivers/dma/dmatest.mod.o
  CC [M]  drivers/gpio/gpio-arizona.mod.o
  CC [M]  drivers/gpio/gpio-mockup.mod.o
  CC [M]  drivers/gpio/gpio-pcf857x.mod.o
  CC [M]  drivers/gpu/drm/bridge/lontium-lt8618.mod.o
  CC [M]  drivers/gpu/drm/bridge/sii902x.mod.o
  CC [M]  drivers/gpu/drm/bridge/verisilicon/vs_x5_syscon_bridge.mod.o
  CC [M]  drivers/gpu/drm/drm_kms_helper.mod.o
  CC [M]  drivers/gpu/drm/drm_shmem_helper.mod.o
  CC [M]  drivers/gpu/drm/panel/panel-jc-050hd134.mod.o
  CC [M]  drivers/gpu/drm/panel/panel-waveshare-dsi.mod.o
  CC [M]  drivers/gpu/drm/panel/panel-wh-cm480.mod.o
  CC [M]  drivers/gpu/drm/udl/udl.mod.o
  CC [M]  drivers/gpu/drm/verisilicon/vs_drm.mod.o
  CC [M]  drivers/hid/hid-a4tech.mod.o
  CC [M]  drivers/hid/hid-apple.mod.o
  CC [M]  drivers/hid/hid-asus.mod.o
  CC [M]  drivers/hid/hid-axff.mod.o
  CC [M]  drivers/hid/hid-belkin.mod.o
  CC [M]  drivers/hid/hid-betopff.mod.o
  CC [M]  drivers/hid/hid-cherry.mod.o
  CC [M]  drivers/hid/hid-chicony.mod.o
  CC [M]  drivers/hid/hid-corsair.mod.o
  CC [M]  drivers/hid/hid-cypress.mod.o
  CC [M]  drivers/hid/hid-dr.mod.o
  CC [M]  drivers/hid/hid-elecom.mod.o
  CC [M]  drivers/hid/hid-elo.mod.o
  CC [M]  drivers/hid/hid-emsff.mod.o
  CC [M]  drivers/hid/hid-ezkey.mod.o
  CC [M]  drivers/hid/hid-gaff.mod.o
  CC [M]  drivers/hid/hid-gembird.mod.o
  CC [M]  drivers/hid/hid-gyration.mod.o
  CC [M]  drivers/hid/hid-holtek-kbd.mod.o
  CC [M]  drivers/hid/hid-holtek-mouse.mod.o
  CC [M]  drivers/hid/hid-holtekff.mod.o
  CC [M]  drivers/hid/hid-kensington.mod.o
  CC [M]  drivers/hid/hid-keytouch.mod.o
  CC [M]  drivers/hid/hid-kye.mod.o
  CC [M]  drivers/hid/hid-lcpower.mod.o
  CC [M]  drivers/hid/hid-led.mod.o
  CC [M]  drivers/hid/hid-lg-g15.mod.o
  CC [M]  drivers/hid/hid-logitech-dj.mod.o
  CC [M]  drivers/hid/hid-logitech-hidpp.mod.o
  CC [M]  drivers/hid/hid-logitech.mod.o
  CC [M]  drivers/hid/hid-magicmouse.mod.o
  CC [M]  drivers/hid/hid-microsoft.mod.o
  CC [M]  drivers/hid/hid-monterey.mod.o
  CC [M]  drivers/hid/hid-ntrig.mod.o
  CC [M]  drivers/hid/hid-ortek.mod.o
  CC [M]  drivers/hid/hid-petalynx.mod.o
  CC [M]  drivers/hid/hid-picolcd.mod.o
  CC [M]  drivers/hid/hid-pl.mod.o
  CC [M]  drivers/hid/hid-prodikeys.mod.o
  CC [M]  drivers/hid/hid-roccat-arvo.mod.o
  CC [M]  drivers/hid/hid-roccat-common.mod.o
  CC [M]  drivers/hid/hid-roccat-isku.mod.o
  CC [M]  drivers/hid/hid-roccat-kone.mod.o
  CC [M]  drivers/hid/hid-roccat-koneplus.mod.o
  CC [M]  drivers/hid/hid-roccat-konepure.mod.o
  CC [M]  drivers/hid/hid-roccat-kovaplus.mod.o
  CC [M]  drivers/hid/hid-roccat-lua.mod.o
  CC [M]  drivers/hid/hid-roccat-pyra.mod.o
  CC [M]  drivers/hid/hid-roccat-ryos.mod.o
  CC [M]  drivers/hid/hid-roccat-savu.mod.o
  CC [M]  drivers/hid/hid-roccat.mod.o
  CC [M]  drivers/hid/hid-samsung.mod.o
  CC [M]  drivers/hid/hid-sjoy.mod.o
  CC [M]  drivers/hid/hid-sony.mod.o
  CC [M]  drivers/hid/hid-speedlink.mod.o
  CC [M]  drivers/hid/hid-sunplus.mod.o
  CC [M]  drivers/hid/hid-thrustmaster.mod.o
  CC [M]  drivers/hid/hid-tmff.mod.o
  CC [M]  drivers/hid/hid-topseed.mod.o
  CC [M]  drivers/hid/hid-twinhan.mod.o
  CC [M]  drivers/hid/hid-uclogic.mod.o
  CC [M]  drivers/hid/hid-waltop.mod.o
  CC [M]  drivers/hid/hid-wiimote.mod.o
  CC [M]  drivers/hid/hid-xinmo.mod.o
  CC [M]  drivers/hid/hid-zpff.mod.o
  CC [M]  drivers/hid/hid-zydacron.mod.o
  CC [M]  drivers/hid/uhid.mod.o
  CC [M]  drivers/hid/wacom.mod.o
  CC [M]  drivers/hwmon/gpio-fan.mod.o
  CC [M]  drivers/hwmon/iio_hwmon.mod.o
  CC [M]  drivers/hwmon/sht21.mod.o
  CC [M]  drivers/hwmon/sht3x.mod.o
  CC [M]  drivers/hwmon/shtc1.mod.o
  CC [M]  drivers/i2c/busses/i2c-gpio.mod.o
  CC [M]  drivers/i2c/busses/i2c-robotfuzz-osif.mod.o
  CC [M]  drivers/i2c/busses/i2c-tiny-usb.mod.o
  CC [M]  drivers/i2c/i2c-mux.mod.o
  CC [M]  drivers/i2c/muxes/i2c-mux-pca954x.mod.o
  CC [M]  drivers/iio/accel/bmi088.mod.o
  CC [M]  drivers/iio/common/ms_sensors/ms_sensors_i2c.mod.o
  CC [M]  drivers/iio/humidity/dht11.mod.o
  CC [M]  drivers/iio/humidity/hdc100x.mod.o
  CC [M]  drivers/iio/humidity/htu21.mod.o
  CC [M]  drivers/iio/temperature/maxim_thermocouple.mod.o
  CC [M]  drivers/input/evdev.mod.o
  CC [M]  drivers/input/ff-memless.mod.o
  CC [M]  drivers/input/gameport/gameport.mod.o
  CC [M]  drivers/input/gameport/lightning.mod.o
  CC [M]  drivers/input/gameport/ns558.mod.o
  CC [M]  drivers/input/input-leds.mod.o
  CC [M]  drivers/input/joydev.mod.o
  CC [M]  drivers/input/joystick/iforce/iforce-usb.mod.o
  CC [M]  drivers/input/joystick/iforce/iforce.mod.o
  CC [M]  drivers/input/joystick/psxpad-spi.mod.o
  CC [M]  drivers/input/joystick/xpad.mod.o
  CC [M]  drivers/input/keyboard/cap11xx.mod.o
  CC [M]  drivers/input/keyboard/matrix_keypad.mod.o
  CC [M]  drivers/input/matrix-keymap.mod.o
  CC [M]  drivers/input/misc/ad714x-i2c.mod.o
  CC [M]  drivers/input/misc/ad714x-spi.mod.o
  CC [M]  drivers/input/misc/ad714x.mod.o
  CC [M]  drivers/input/misc/adxl34x-i2c.mod.o
  CC [M]  drivers/input/misc/adxl34x-spi.mod.o
  CC [M]  drivers/input/misc/adxl34x.mod.o
  CC [M]  drivers/input/misc/ati_remote2.mod.o
  CC [M]  drivers/input/misc/cm109.mod.o
  CC [M]  drivers/input/misc/cma3000_d0x.mod.o
  CC [M]  drivers/input/misc/keyspan_remote.mod.o
  CC [M]  drivers/input/misc/powermate.mod.o
  CC [M]  drivers/input/misc/rotary_encoder.mod.o
  CC [M]  drivers/input/misc/uinput.mod.o
  CC [M]  drivers/input/misc/yealink.mod.o
  CC [M]  drivers/input/serio/serio_raw.mod.o
  CC [M]  drivers/input/touchscreen/ads7846.mod.o
  CC [M]  drivers/input/touchscreen/edt-ft5x06.mod.o
  CC [M]  drivers/input/touchscreen/egalax_ts.mod.o
  CC [M]  drivers/input/touchscreen/ft5406.mod.o
  CC [M]  drivers/input/touchscreen/goodix_ts.mod.o
  CC [M]  drivers/input/touchscreen/gt9xx_core.mod.o
  CC [M]  drivers/input/touchscreen/ili210x.mod.o
  CC [M]  drivers/input/touchscreen/stmpe-ts.mod.o
  CC [M]  drivers/input/touchscreen/usbtouchscreen.mod.o
  CC [M]  drivers/leds/led-class.mod.o
  CC [M]  drivers/leds/leds-gpio.mod.o
  CC [M]  drivers/leds/trigger/ledtrig-camera.mod.o
  CC [M]  drivers/leds/trigger/ledtrig-transient.mod.o
  CC [M]  drivers/md/dm-bio-prison.mod.o
  CC [M]  drivers/md/dm-cache-smq.mod.o
  CC [M]  drivers/md/dm-cache.mod.o
  CC [M]  drivers/md/dm-delay.mod.o
  CC [M]  drivers/md/dm-log-userspace.mod.o
  CC [M]  drivers/md/dm-log.mod.o
  CC [M]  drivers/md/dm-mirror.mod.o
  CC [M]  drivers/md/dm-raid.mod.o
  CC [M]  drivers/md/dm-region-hash.mod.o
  CC [M]  drivers/md/dm-snapshot.mod.o
  CC [M]  drivers/md/dm-thin-pool.mod.o
  CC [M]  drivers/md/linear.mod.o
  CC [M]  drivers/md/persistent-data/dm-persistent-data.mod.o
  CC [M]  drivers/md/raid0.mod.o
  CC [M]  drivers/md/raid1.mod.o
  CC [M]  drivers/md/raid10.mod.o
  CC [M]  drivers/md/raid456.mod.o
  CC [M]  drivers/media/common/tveeprom.mod.o
  CC [M]  drivers/media/common/v4l2-tpg/v4l2-tpg.mod.o
  CC [M]  drivers/media/common/videobuf2/videobuf2-common.mod.o
  CC [M]  drivers/media/common/videobuf2/videobuf2-dma-contig.mod.o
  CC [M]  drivers/media/common/videobuf2/videobuf2-dma-sg.mod.o
  CC [M]  drivers/media/common/videobuf2/videobuf2-memops.mod.o
  CC [M]  drivers/media/common/videobuf2/videobuf2-v4l2.mod.o
  CC [M]  drivers/media/common/videobuf2/videobuf2-vmalloc.mod.o
  CC [M]  drivers/media/i2c/imx219.mod.o
  CC [M]  drivers/media/i2c/imx477.mod.o
  CC [M]  drivers/media/i2c/ov5640.mod.o
  CC [M]  drivers/media/i2c/ov5647.mod.o
  CC [M]  drivers/media/i2c/ov9282.mod.o
  CC [M]  drivers/media/i2c/sc230ai.mod.o
  CC [M]  drivers/media/platform/horizon/codec/jpg/hobot_jpu.mod.o
  CC [M]  drivers/media/platform/horizon/codec/vpu/hobot_vpu.mod.o
  CC [M]  drivers/media/test-drivers/vivid/vivid.mod.o
  CC [M]  drivers/media/usb/em28xx/em28xx-alsa.mod.o
  CC [M]  drivers/media/usb/em28xx/em28xx-v4l.mod.o
  CC [M]  drivers/media/usb/em28xx/em28xx.mod.o
  CC [M]  drivers/media/usb/pwc/pwc.mod.o
  CC [M]  drivers/media/usb/s2255/s2255drv.mod.o
  CC [M]  drivers/media/usb/usbtv/usbtv.mod.o
  CC [M]  drivers/media/usb/uvc/uvcvideo.mod.o
  CC [M]  drivers/media/v4l2-core/tuner.mod.o
  CC [M]  drivers/mfd/arizona-spi.mod.o
  CC [M]  drivers/mfd/wl1273-core.mod.o
  CC [M]  drivers/misc/verisilicon/gc8000l/galcore.mod.o
  CC [M]  drivers/misc/verisilicon/gc820/vio_n2d.mod.o
  CC [M]  drivers/mmc/core/mmc_test.mod.o
  CC [M]  drivers/mtd/devices/block2mtd.mod.o
  CC [M]  drivers/net/bonding/bonding.mod.o
  CC [M]  drivers/net/can/dev/can-dev.mod.o
  CC [M]  drivers/net/can/m_can/m_can.mod.o
  CC [M]  drivers/net/can/m_can/m_can_platform.mod.o
  CC [M]  drivers/net/can/m_can/tcan4x5x.mod.o
  CC [M]  drivers/net/can/slcan/slcan.mod.o
  CC [M]  drivers/net/can/spi/mcp251x.mod.o
  CC [M]  drivers/net/can/usb/ems_usb.mod.o
  CC [M]  drivers/net/can/usb/gs_usb.mod.o
  CC [M]  drivers/net/can/usb/peak_usb/peak_usb.mod.o
  CC [M]  drivers/net/can/vcan.mod.o
  CC [M]  drivers/net/dummy.mod.o
  CC [M]  drivers/net/hamradio/6pack.mod.o
  CC [M]  drivers/net/hamradio/baycom_ser_fdx.mod.o
  CC [M]  drivers/net/hamradio/baycom_ser_hdx.mod.o
  CC [M]  drivers/net/hamradio/bpqether.mod.o
  CC [M]  drivers/net/hamradio/hdlcdrv.mod.o
  CC [M]  drivers/net/hamradio/mkiss.mod.o
  CC [M]  drivers/net/hamradio/yam.mod.o
  CC [M]  drivers/net/ieee802154/at86rf230.mod.o
  CC [M]  drivers/net/ieee802154/cc2520.mod.o
  CC [M]  drivers/net/ieee802154/mrf24j40.mod.o
  CC [M]  drivers/net/ifb.mod.o
  CC [M]  drivers/net/ipvlan/ipvlan.mod.o
  CC [M]  drivers/net/macvlan.mod.o
  CC [M]  drivers/net/phy/ax88796b.mod.o
  CC [M]  drivers/net/phy/microchip.mod.o
  CC [M]  drivers/net/phy/smsc.mod.o
  CC [M]  drivers/net/ppp/bsd_comp.mod.o
  CC [M]  drivers/net/ppp/ppp_async.mod.o
  CC [M]  drivers/net/ppp/ppp_deflate.mod.o
  CC [M]  drivers/net/ppp/ppp_generic.mod.o
  CC [M]  drivers/net/ppp/ppp_mppe.mod.o
  CC [M]  drivers/net/ppp/ppp_synctty.mod.o
  CC [M]  drivers/net/ppp/pppoe.mod.o
  CC [M]  drivers/net/ppp/pppox.mod.o
  CC [M]  drivers/net/slip/slhc.mod.o
  CC [M]  drivers/net/slip/slip.mod.o
  CC [M]  drivers/net/tun.mod.o
  CC [M]  drivers/net/usb/asix.mod.o
  CC [M]  drivers/net/usb/catc.mod.o
  CC [M]  drivers/net/usb/ax88179_178a.mod.o
  CC [M]  drivers/net/usb/cdc_eem.mod.o
  CC [M]  drivers/net/usb/cdc_ether.mod.o
  CC [M]  drivers/net/usb/cdc_mbim.mod.o
  CC [M]  drivers/net/usb/cdc_ncm.mod.o
  CC [M]  drivers/net/usb/cdc_subset.mod.o
  CC [M]  drivers/net/usb/ch9200.mod.o
  CC [M]  drivers/net/usb/cx82310_eth.mod.o
  CC [M]  drivers/net/usb/dm9601.mod.o
  CC [M]  drivers/net/usb/gl620a.mod.o
  CC [M]  drivers/net/usb/hso.mod.o
  CC [M]  drivers/net/usb/huawei_cdc_ncm.mod.o
  CC [M]  drivers/net/usb/int51x1.mod.o
  CC [M]  drivers/net/usb/ipheth.mod.o
  CC [M]  drivers/net/usb/kalmia.mod.o
  CC [M]  drivers/net/usb/kaweth.mod.o
  CC [M]  drivers/net/usb/lan78xx.mod.o
  CC [M]  drivers/net/usb/lg-vl600.mod.o
  CC [M]  drivers/net/usb/mcs7830.mod.o
  CC [M]  drivers/net/usb/net1080.mod.o
  CC [M]  drivers/net/usb/pegasus.mod.o
  CC [M]  drivers/net/usb/plusb.mod.o
  CC [M]  drivers/net/usb/qmi_wwan.mod.o
  CC [M]  drivers/net/usb/r8152.mod.o
  CC [M]  drivers/net/usb/r8153_ecm.mod.o
  CC [M]  drivers/net/usb/rndis_host.mod.o
  CC [M]  drivers/net/usb/rtl8150.mod.o
  CC [M]  drivers/net/usb/sierra_net.mod.o
  CC [M]  drivers/net/usb/smsc75xx.mod.o
  CC [M]  drivers/net/usb/smsc95xx.mod.o
  CC [M]  drivers/net/usb/sr9700.mod.o
  CC [M]  drivers/net/usb/sr9800.mod.o
  CC [M]  drivers/net/usb/usbnet.mod.o
  CC [M]  drivers/net/usb/zaurus.mod.o
  CC [M]  drivers/net/veth.mod.o
  CC [M]  drivers/net/vrf.mod.o
  CC [M]  drivers/net/vxlan/vxlan.mod.o
  CC [M]  drivers/net/wireless/aic8800/aic8800_bsp/aic8800_bsp.mod.o
  CC [M]  drivers/net/wireless/aic8800/aic8800_btlpm/aic8800_btlpm.mod.o
  CC [M]  drivers/net/wireless/aic8800/aic8800_fdrv/aic8800_fdrv.mod.o
  CC [M]  drivers/net/wireless/ath/ath.mod.o
  CC [M]  drivers/net/wireless/ath/carl9170/carl9170.mod.o
  CC [M]  drivers/net/wireless/broadcom/brcm80211/brcmfmac/brcmfmac.mod.o
  CC [M]  drivers/net/wireless/broadcom/brcm80211/brcmutil/brcmutil.mod.o
  CC [M]  drivers/net/wireless/intersil/hostap/hostap.mod.o
  CC [M]  drivers/nvme/host/nvme-core.mod.o
  CC [M]  drivers/nvme/host/nvme-fabrics.mod.o
  CC [M]  drivers/nvme/host/nvme-fc.mod.o
  CC [M]  drivers/rtc/rtc-abx80x.mod.o
  CC [M]  drivers/rtc/rtc-bq32k.mod.o
  CC [M]  drivers/rtc/rtc-ds1302.mod.o
  CC [M]  drivers/rtc/rtc-ds1305.mod.o
  CC [M]  drivers/rtc/rtc-ds1307.mod.o
  CC [M]  drivers/rtc/rtc-ds1374.mod.o
  CC [M]  drivers/rtc/rtc-ds1390.mod.o
  CC [M]  drivers/rtc/rtc-ds3232.mod.o
  CC [M]  drivers/rtc/rtc-ds1672.mod.o
  CC [M]  drivers/rtc/rtc-em3027.mod.o
  CC [M]  drivers/rtc/rtc-fm3130.mod.o
  CC [M]  drivers/rtc/rtc-hpu3501.mod.o
  CC [M]  drivers/rtc/rtc-hym8563.mod.o
  CC [M]  drivers/rtc/rtc-isl12022.mod.o
  CC [M]  drivers/rtc/rtc-isl1208.mod.o
  CC [M]  drivers/rtc/rtc-m41t80.mod.o
  CC [M]  drivers/rtc/rtc-m41t93.mod.o
  CC [M]  drivers/rtc/rtc-m41t94.mod.o
  CC [M]  drivers/rtc/rtc-max6900.mod.o
  CC [M]  drivers/rtc/rtc-max6902.mod.o
  CC [M]  drivers/rtc/rtc-pcf2123.mod.o
  CC [M]  drivers/rtc/rtc-pcf2127.mod.o
  CC [M]  drivers/rtc/rtc-pcf85063.mod.o
  CC [M]  drivers/rtc/rtc-pcf8523.mod.o
  CC [M]  drivers/rtc/rtc-pcf8563.mod.o
  CC [M]  drivers/rtc/rtc-pcf8583.mod.o
  CC [M]  drivers/rtc/rtc-r9701.mod.o
  CC [M]  drivers/rtc/rtc-rs5c348.mod.o
  CC [M]  drivers/rtc/rtc-rs5c372.mod.o
  CC [M]  drivers/rtc/rtc-rv3029c2.mod.o
  CC [M]  drivers/rtc/rtc-rv8803.mod.o
  CC [M]  drivers/rtc/rtc-rx4581.mod.o
  CC [M]  drivers/rtc/rtc-rx8025.mod.o
  CC [M]  drivers/rtc/rtc-rx8581.mod.o
  CC [M]  drivers/rtc/rtc-s35390a.mod.o
  CC [M]  drivers/rtc/rtc-x1205.mod.o
  CC [M]  drivers/scsi/iscsi_boot_sysfs.mod.o
  CC [M]  drivers/scsi/iscsi_tcp.mod.o
  CC [M]  drivers/scsi/libiscsi.mod.o
  CC [M]  drivers/scsi/libiscsi_tcp.mod.o
  CC [M]  drivers/scsi/scsi_transport_iscsi.mod.o
  CC [M]  drivers/scsi/sr_mod.mod.o
  CC [M]  drivers/scsi/st.mod.o
  CC [M]  drivers/soc/hobot/bpu/bpu_cores.mod.o
  CC [M]  drivers/soc/hobot/bpu/bpu_framework.mod.o
  CC [M]  drivers/soc/hobot/bpu/bpu_governor.mod.o
  CC [M]  drivers/spi/spi-bitbang.mod.o
  CC [M]  drivers/spi/spi-gpio.mod.o
  CC [M]  drivers/spi/spidev.mod.o
  CC [M]  drivers/ssb/ssb.mod.o
  CC [M]  drivers/staging/rtl8723bs/r8723bs.mod.o
  CC [M]  drivers/staging/rtl8723du/8723du.mod.o
  CC [M]  drivers/staging/rtl8852bs/8852bs.mod.o
  CC [M]  drivers/usb/atm/cxacru.mod.o
  CC [M]  drivers/usb/atm/speedtch.mod.o
  CC [M]  drivers/usb/atm/ueagle-atm.mod.o
  CC [M]  drivers/usb/atm/usbatm.mod.o
  CC [M]  drivers/usb/atm/xusbatm.mod.o
  CC [M]  drivers/usb/class/cdc-acm.mod.o
  CC [M]  drivers/usb/class/cdc-wdm.mod.o
  CC [M]  drivers/usb/class/usblp.mod.o
  CC [M]  drivers/usb/class/usbtmc.mod.o
  CC [M]  drivers/usb/gadget/function/u_audio.mod.o
  CC [M]  drivers/usb/gadget/function/u_ether.mod.o
  CC [M]  drivers/usb/gadget/function/u_serial.mod.o
  CC [M]  drivers/usb/gadget/function/usb_f_acm.mod.o
  CC [M]  drivers/usb/gadget/function/usb_f_ecm.mod.o
  CC [M]  drivers/usb/gadget/function/usb_f_ecm_subset.mod.o
  CC [M]  drivers/usb/gadget/function/usb_f_eem.mod.o
  CC [M]  drivers/usb/gadget/function/usb_f_fs.mod.o
  CC [M]  drivers/usb/gadget/function/usb_f_hid.mod.o
  CC [M]  drivers/usb/gadget/function/usb_f_mass_storage.mod.o
  CC [M]  drivers/usb/gadget/function/usb_f_midi.mod.o
  CC [M]  drivers/usb/gadget/function/usb_f_obex.mod.o
  CC [M]  drivers/usb/gadget/function/usb_f_ncm.mod.o
  CC [M]  drivers/usb/gadget/function/usb_f_printer.mod.o
  CC [M]  drivers/usb/gadget/function/usb_f_rndis.mod.o
  CC [M]  drivers/usb/gadget/function/usb_f_serial.mod.o
  CC [M]  drivers/usb/gadget/function/usb_f_ss_lb.mod.o
  CC [M]  drivers/usb/gadget/function/usb_f_uac1.mod.o
  CC [M]  drivers/usb/gadget/function/usb_f_uac2.mod.o
  CC [M]  drivers/usb/gadget/function/usb_f_uvc.mod.o
  CC [M]  drivers/usb/gadget/legacy/g_acm_ms.mod.o
  CC [M]  drivers/usb/gadget/legacy/g_audio.mod.o
  CC [M]  drivers/usb/gadget/legacy/g_cdc.mod.o
  CC [M]  drivers/usb/gadget/legacy/g_ether.mod.o
  CC [M]  drivers/usb/gadget/legacy/g_ffs.mod.o
  CC [M]  drivers/usb/gadget/legacy/g_hid.mod.o
  CC [M]  drivers/usb/gadget/legacy/g_mass_storage.mod.o
  CC [M]  drivers/usb/gadget/legacy/g_midi.mod.o
  CC [M]  drivers/usb/gadget/legacy/g_multi.mod.o
  CC [M]  drivers/usb/gadget/legacy/g_ncm.mod.o
  CC [M]  drivers/usb/gadget/legacy/g_printer.mod.o
  CC [M]  drivers/usb/gadget/legacy/g_serial.mod.o
  CC [M]  drivers/usb/gadget/legacy/g_webcam.mod.o
  CC [M]  drivers/usb/gadget/legacy/g_zero.mod.o
  CC [M]  drivers/usb/gadget/legacy/gadgetfs.mod.o
  CC [M]  drivers/usb/gadget/legacy/raw_gadget.mod.o
  CC [M]  drivers/usb/gadget/libcomposite.mod.o
  CC [M]  drivers/usb/image/mdc800.mod.o
  CC [M]  drivers/usb/image/microtek.mod.o
  CC [M]  drivers/usb/misc/adutux.mod.o
  CC [M]  drivers/usb/misc/appledisplay.mod.o
  CC [M]  drivers/usb/misc/cypress_cy7c63.mod.o
  CC [M]  drivers/usb/misc/cytherm.mod.o
  CC [M]  drivers/usb/misc/emi26.mod.o
  CC [M]  drivers/usb/misc/emi62.mod.o
  CC [M]  drivers/usb/misc/ezusb.mod.o
  CC [M]  drivers/usb/misc/ftdi-elan.mod.o
  CC [M]  drivers/usb/misc/idmouse.mod.o
  CC [M]  drivers/usb/misc/iowarrior.mod.o
  CC [M]  drivers/usb/misc/isight_firmware.mod.o
  CC [M]  drivers/usb/misc/ldusb.mod.o
  CC [M]  drivers/usb/misc/legousbtower.mod.o
  CC [M]  drivers/usb/misc/trancevibrator.mod.o
  CC [M]  drivers/usb/misc/usblcd.mod.o
  CC [M]  drivers/usb/misc/usbsevseg.mod.o
  CC [M]  drivers/usb/misc/usbtest.mod.o
  CC [M]  drivers/usb/misc/yurex.mod.o
  CC [M]  drivers/usb/mon/usbmon.mod.o
  CC [M]  drivers/usb/serial/aircable.mod.o
  CC [M]  drivers/usb/serial/ark3116.mod.o
  CC [M]  drivers/usb/serial/belkin_sa.mod.o
  CC [M]  drivers/usb/serial/ch341.mod.o
  CC [M]  drivers/usb/serial/cp210x.mod.o
  CC [M]  drivers/usb/serial/cyberjack.mod.o
  CC [M]  drivers/usb/serial/cypress_m8.mod.o
  CC [M]  drivers/usb/serial/digi_acceleport.mod.o
  CC [M]  drivers/usb/serial/empeg.mod.o
  CC [M]  drivers/usb/serial/f81232.mod.o
  CC [M]  drivers/usb/serial/f81534.mod.o
  CC [M]  drivers/usb/serial/ftdi_sio.mod.o
  CC [M]  drivers/usb/serial/garmin_gps.mod.o
  CC [M]  drivers/usb/serial/io_edgeport.mod.o
  CC [M]  drivers/usb/serial/io_ti.mod.o
  CC [M]  drivers/usb/serial/ipaq.mod.o
  CC [M]  drivers/usb/serial/ipw.mod.o
  CC [M]  drivers/usb/serial/ir-usb.mod.o
  CC [M]  drivers/usb/serial/iuu_phoenix.mod.o
  CC [M]  drivers/usb/serial/keyspan.mod.o
  CC [M]  drivers/usb/serial/keyspan_pda.mod.o
  CC [M]  drivers/usb/serial/kl5kusb105.mod.o
  CC [M]  drivers/usb/serial/kobil_sct.mod.o
  CC [M]  drivers/usb/serial/mct_u232.mod.o
  CC [M]  drivers/usb/serial/metro-usb.mod.o
  CC [M]  drivers/usb/serial/mos7720.mod.o
  CC [M]  drivers/usb/serial/mos7840.mod.o
  CC [M]  drivers/usb/serial/mxuport.mod.o
  CC [M]  drivers/usb/serial/navman.mod.o
  CC [M]  drivers/usb/serial/omninet.mod.o
  CC [M]  drivers/usb/serial/opticon.mod.o
  CC [M]  drivers/usb/serial/option.mod.o
  CC [M]  drivers/usb/serial/oti6858.mod.o
  CC [M]  drivers/usb/serial/pl2303.mod.o
  CC [M]  drivers/usb/serial/qcaux.mod.o
  CC [M]  drivers/usb/serial/qcserial.mod.o
  CC [M]  drivers/usb/serial/quatech2.mod.o
  CC [M]  drivers/usb/serial/safe_serial.mod.o
  CC [M]  drivers/usb/serial/sierra.mod.o
  CC [M]  drivers/usb/serial/spcp8x5.mod.o
  CC [M]  drivers/usb/serial/ssu100.mod.o
  CC [M]  drivers/usb/serial/symbolserial.mod.o
  CC [M]  drivers/usb/serial/ti_usb_3410_5052.mod.o
  CC [M]  drivers/usb/serial/upd78f0730.mod.o
  CC [M]  drivers/usb/serial/usb_debug.mod.o
  CC [M]  drivers/usb/serial/usb_wwan.mod.o
  CC [M]  drivers/usb/serial/visor.mod.o
  CC [M]  drivers/usb/serial/whiteheat.mod.o
  CC [M]  drivers/usb/serial/wishbone-serial.mod.o
  CC [M]  drivers/usb/serial/xsens_mt.mod.o
  CC [M]  drivers/usb/storage/ums-alauda.mod.o
  CC [M]  drivers/usb/storage/ums-cypress.mod.o
  CC [M]  drivers/usb/storage/ums-datafab.mod.o
  CC [M]  drivers/usb/storage/ums-eneub6250.mod.o
  CC [M]  drivers/usb/storage/ums-freecom.mod.o
  CC [M]  drivers/usb/storage/ums-isd200.mod.o
  CC [M]  drivers/usb/storage/ums-jumpshot.mod.o
  CC [M]  drivers/usb/storage/ums-karma.mod.o
  CC [M]  drivers/usb/storage/ums-onetouch.mod.o
  CC [M]  drivers/usb/storage/ums-sddr09.mod.o
  CC [M]  drivers/usb/storage/ums-sddr55.mod.o
  CC [M]  drivers/usb/storage/ums-usbat.mod.o
  CC [M]  drivers/usb/usbip/usbip-core.mod.o
  CC [M]  drivers/usb/usbip/usbip-host.mod.o
  CC [M]  drivers/usb/usbip/usbip-vudc.mod.o
  CC [M]  drivers/usb/usbip/vhci-hcd.mod.o
  CC [M]  drivers/video/fbdev/core/fb_sys_fops.mod.o
  CC [M]  drivers/video/fbdev/core/syscopyarea.mod.o
  CC [M]  drivers/video/fbdev/core/sysfillrect.mod.o
  CC [M]  drivers/video/fbdev/core/sysimgblt.mod.o
  CC [M]  drivers/video/fbdev/ssd1307fb.mod.o
  CC [M]  drivers/video/fbdev/udlfb.mod.o
  CC [M]  drivers/video/fbdev/vfb.mod.o
  CC [M]  drivers/w1/masters/ds1wm.mod.o
  CC [M]  drivers/w1/masters/ds2482.mod.o
  CC [M]  drivers/w1/masters/ds2490.mod.o
  CC [M]  drivers/w1/masters/w1-gpio.mod.o
  CC [M]  drivers/w1/slaves/w1_ds2406.mod.o
  CC [M]  drivers/w1/slaves/w1_ds2408.mod.o
  CC [M]  drivers/w1/slaves/w1_ds2413.mod.o
  CC [M]  drivers/w1/slaves/w1_ds2423.mod.o
  CC [M]  drivers/w1/slaves/w1_ds2431.mod.o
  CC [M]  drivers/w1/slaves/w1_ds2433.mod.o
  CC [M]  drivers/w1/slaves/w1_ds2438.mod.o
  CC [M]  drivers/w1/slaves/w1_ds2780.mod.o
  CC [M]  drivers/w1/slaves/w1_ds2781.mod.o
  CC [M]  drivers/w1/slaves/w1_ds28e04.mod.o
  CC [M]  drivers/w1/slaves/w1_smem.mod.o
  CC [M]  drivers/w1/slaves/w1_therm.mod.o
  CC [M]  drivers/w1/wire.mod.o
  CC [M]  drivers/watchdog/gpio_wdt.mod.o
  CC [M]  fs/9p/9p.mod.o
  CC [M]  fs/binfmt_misc.mod.o
  CC [M]  fs/btrfs/btrfs.mod.o
  CC [M]  fs/dlm/dlm.mod.o
  CC [M]  fs/ecryptfs/ecryptfs.mod.o
  CC [M]  fs/fuse/cuse.mod.o
  CC [M]  fs/fuse/fuse.mod.o
  CC [M]  fs/gfs2/gfs2.mod.o
  CC [M]  fs/hfs/hfs.mod.o
  CC [M]  fs/hfsplus/hfsplus.mod.o
  CC [M]  fs/isofs/isofs.mod.o
  CC [M]  fs/jffs2/jffs2.mod.o
  CC [M]  fs/jfs/jfs.mod.o
  CC [M]  fs/nilfs2/nilfs2.mod.o
  CC [M]  fs/nls/nls_cp1250.mod.o
  CC [M]  fs/nls/nls_cp1251.mod.o
  CC [M]  fs/nls/nls_cp1255.mod.o
  CC [M]  fs/nls/nls_cp737.mod.o
  CC [M]  fs/nls/nls_cp775.mod.o
  CC [M]  fs/nls/nls_cp850.mod.o
  CC [M]  fs/nls/nls_cp852.mod.o
  CC [M]  fs/nls/nls_cp855.mod.o
  CC [M]  fs/nls/nls_cp857.mod.o
  CC [M]  fs/nls/nls_cp860.mod.o
  CC [M]  fs/nls/nls_cp861.mod.o
  CC [M]  fs/nls/nls_cp862.mod.o
  CC [M]  fs/nls/nls_cp863.mod.o
  CC [M]  fs/nls/nls_cp864.mod.o
  CC [M]  fs/nls/nls_cp865.mod.o
  CC [M]  fs/nls/nls_cp866.mod.o
  CC [M]  fs/nls/nls_cp869.mod.o
  CC [M]  fs/nls/nls_cp874.mod.o
  CC [M]  fs/nls/nls_cp932.mod.o
  CC [M]  fs/nls/nls_cp936.mod.o
  CC [M]  fs/nls/nls_cp949.mod.o
  CC [M]  fs/nls/nls_cp950.mod.o
  CC [M]  fs/nls/nls_euc-jp.mod.o
  CC [M]  fs/nls/nls_iso8859-13.mod.o
  CC [M]  fs/nls/nls_iso8859-14.mod.o
  CC [M]  fs/nls/nls_iso8859-15.mod.o
  CC [M]  fs/nls/nls_iso8859-2.mod.o
  CC [M]  fs/nls/nls_iso8859-3.mod.o
  CC [M]  fs/nls/nls_iso8859-4.mod.o
  CC [M]  fs/nls/nls_iso8859-5.mod.o
  CC [M]  fs/nls/nls_iso8859-6.mod.o
  CC [M]  fs/nls/nls_iso8859-7.mod.o
  CC [M]  fs/nls/nls_iso8859-9.mod.o
  CC [M]  fs/nls/nls_koi8-r.mod.o
  CC [M]  fs/nls/nls_koi8-ru.mod.o
  CC [M]  fs/nls/nls_koi8-u.mod.o
  CC [M]  fs/nls/nls_utf8.mod.o
  CC [M]  fs/ntfs/ntfs.mod.o
  CC [M]  fs/ocfs2/cluster/ocfs2_nodemanager.mod.o
  CC [M]  fs/ocfs2/dlm/ocfs2_dlm.mod.o
  CC [M]  fs/ocfs2/dlmfs/ocfs2_dlmfs.mod.o
  CC [M]  fs/ocfs2/ocfs2.mod.o
  CC [M]  fs/ocfs2/ocfs2_stack_o2cb.mod.o
  CC [M]  fs/ocfs2/ocfs2_stack_user.mod.o
  CC [M]  fs/ocfs2/ocfs2_stackglue.mod.o
  CC [M]  fs/overlayfs/overlay.mod.o
  CC [M]  fs/quota/quota_tree.mod.o
  CC [M]  fs/quota/quota_v1.mod.o
  CC [M]  fs/quota/quota_v2.mod.o
  CC [M]  fs/reiserfs/reiserfs.mod.o
  CC [M]  fs/smb/client/cifs.mod.o
  CC [M]  fs/smb/common/cifs_arc4.mod.o
  CC [M]  fs/smb/common/cifs_md4.mod.o
  CC [M]  fs/udf/udf.mod.o
  CC [M]  fs/xfs/xfs.mod.o
  CC [M]  lib/crc-ccitt.mod.o
  CC [M]  lib/crc8.mod.o
  CC [M]  lib/libcrc32c.mod.o
  CC [M]  lib/lz4/lz4_compress.mod.o
  CC [M]  lib/raid6/raid6_pq.mod.o
  CC [M]  lib/ts_bm.mod.o
  CC [M]  lib/ts_fsm.mod.o
  CC [M]  lib/ts_kmp.mod.o
  CC [M]  mm/z3fold.mod.o
  CC [M]  mm/zsmalloc.mod.o
  CC [M]  net/6lowpan/6lowpan.mod.o
  CC [M]  net/6lowpan/nhc_dest.mod.o
  CC [M]  net/6lowpan/nhc_fragment.mod.o
  CC [M]  net/6lowpan/nhc_hop.mod.o
  CC [M]  net/6lowpan/nhc_ipv6.mod.o
  CC [M]  net/6lowpan/nhc_mobility.mod.o
  CC [M]  net/6lowpan/nhc_udp.mod.o
  CC [M]  net/6lowpan/nhc_routing.mod.o
  CC [M]  net/9p/9pnet.mod.o
  CC [M]  net/9p/9pnet_fd.mod.o
  CC [M]  net/appletalk/appletalk.mod.o
  CC [M]  net/atm/atm.mod.o
  CC [M]  net/atm/pppoatm.mod.o
  CC [M]  net/ax25/ax25.mod.o
  CC [M]  net/batman-adv/batman-adv.mod.o
  CC [M]  net/bluetooth/bluetooth.mod.o
  CC [M]  net/bluetooth/bnep/bnep.mod.o
  CC [M]  net/bluetooth/hidp/hidp.mod.o
  CC [M]  net/bluetooth/rfcomm/rfcomm.mod.o
  CC [M]  net/bridge/br_netfilter.mod.o
  CC [M]  net/bridge/bridge.mod.o
  CC [M]  net/bridge/netfilter/ebt_802_3.mod.o
  CC [M]  net/bridge/netfilter/ebt_among.mod.o
  CC [M]  net/bridge/netfilter/ebt_arp.mod.o
  CC [M]  net/bridge/netfilter/ebt_arpreply.mod.o
  CC [M]  net/bridge/netfilter/ebt_dnat.mod.o
  CC [M]  net/bridge/netfilter/ebt_ip.mod.o
  CC [M]  net/bridge/netfilter/ebt_ip6.mod.o
  CC [M]  net/bridge/netfilter/ebt_limit.mod.o
  CC [M]  net/bridge/netfilter/ebt_log.mod.o
  CC [M]  net/bridge/netfilter/ebt_mark.mod.o
  CC [M]  net/bridge/netfilter/ebt_mark_m.mod.o
  CC [M]  net/bridge/netfilter/ebt_nflog.mod.o
  CC [M]  net/bridge/netfilter/ebt_pkttype.mod.o
  CC [M]  net/bridge/netfilter/ebt_redirect.mod.o
  CC [M]  net/bridge/netfilter/ebt_snat.mod.o
  CC [M]  net/bridge/netfilter/ebt_stp.mod.o
  CC [M]  net/bridge/netfilter/ebt_vlan.mod.o
  CC [M]  net/bridge/netfilter/ebtable_broute.mod.o
  CC [M]  net/bridge/netfilter/ebtable_filter.mod.o
  CC [M]  net/bridge/netfilter/ebtable_nat.mod.o
  CC [M]  net/bridge/netfilter/ebtables.mod.o
  CC [M]  net/bridge/netfilter/nft_reject_bridge.mod.o
  CC [M]  net/can/can-bcm.mod.o
  CC [M]  net/can/can-gw.mod.o
  CC [M]  net/can/can-raw.mod.o
  CC [M]  net/can/can.mod.o
  CC [M]  net/core/pktgen.mod.o
  CC [M]  net/ieee802154/6lowpan/ieee802154_6lowpan.mod.o
  CC [M]  net/ieee802154/ieee802154.mod.o
  CC [M]  net/ieee802154/ieee802154_socket.mod.o
  CC [M]  net/ife/ife.mod.o
  CC [M]  net/ipv4/esp4.mod.o
  CC [M]  net/ipv4/gre.mod.o
  CC [M]  net/ipv4/ip_gre.mod.o
  CC [M]  net/ipv4/ip_vti.mod.o
  CC [M]  net/ipv4/ipcomp.mod.o
  CC [M]  net/ipv4/netfilter/ipt_CLUSTERIP.mod.o
  CC [M]  net/ipv4/netfilter/iptable_nat.mod.o
  CC [M]  net/ipv4/netfilter/nf_defrag_ipv4.mod.o
  CC [M]  net/ipv4/netfilter/nf_dup_ipv4.mod.o
  CC [M]  net/ipv4/netfilter/nf_nat_h323.mod.o
  CC [M]  net/ipv4/netfilter/nf_nat_pptp.mod.o
  CC [M]  net/ipv4/netfilter/nf_nat_snmp_basic.mod.o
  CC [M]  net/ipv4/netfilter/nf_socket_ipv4.mod.o
  CC [M]  net/ipv4/netfilter/nf_tproxy_ipv4.mod.o
  CC [M]  net/ipv4/tcp_bbr.mod.o
  CC [M]  net/ipv4/tcp_bic.mod.o
  CC [M]  net/ipv4/tcp_htcp.mod.o
  CC [M]  net/ipv4/tcp_westwood.mod.o
  CC [M]  net/ipv4/udp_tunnel.mod.o
  CC [M]  net/ipv4/xfrm4_tunnel.mod.o
  CC [M]  net/ipv6/ah6.mod.o
  CC [M]  net/ipv6/esp6.mod.o
  CC [M]  net/ipv6/esp6_offload.mod.o
  CC [M]  net/ipv6/ila/ila.mod.o
  CC [M]  net/ipv6/ip6_gre.mod.o
  CC [M]  net/ipv6/ip6_tunnel.mod.o
  CC [M]  net/ipv6/ip6_udp_tunnel.mod.o
  CC [M]  net/ipv6/ip6_vti.mod.o
  CC [M]  net/ipv6/ipcomp6.mod.o
  CC [M]  net/ipv6/netfilter/ip6_tables.mod.o
  CC [M]  net/ipv6/netfilter/ip6t_NPT.mod.o
  CC [M]  net/ipv6/netfilter/ip6t_REJECT.mod.o
  CC [M]  net/ipv6/netfilter/ip6t_SYNPROXY.mod.o
  CC [M]  net/ipv6/netfilter/ip6t_ah.mod.o
  CC [M]  net/ipv6/netfilter/ip6t_eui64.mod.o
  CC [M]  net/ipv6/netfilter/ip6t_frag.mod.o
  CC [M]  net/ipv6/netfilter/ip6t_hbh.mod.o
  CC [M]  net/ipv6/netfilter/ip6t_ipv6header.mod.o
  CC [M]  net/ipv6/netfilter/ip6t_mh.mod.o
  CC [M]  net/ipv6/netfilter/ip6t_rpfilter.mod.o
  CC [M]  net/ipv6/netfilter/ip6t_rt.mod.o
  CC [M]  net/ipv6/netfilter/ip6table_filter.mod.o
  CC [M]  net/ipv6/netfilter/ip6table_mangle.mod.o
  CC [M]  net/ipv6/netfilter/ip6table_nat.mod.o
  CC [M]  net/ipv6/netfilter/ip6table_raw.mod.o
  CC [M]  net/ipv6/netfilter/ip6table_security.mod.o
  CC [M]  net/ipv6/netfilter/nf_defrag_ipv6.mod.o
  CC [M]  net/ipv6/netfilter/nf_dup_ipv6.mod.o
  CC [M]  net/ipv6/netfilter/nf_reject_ipv6.mod.o
  CC [M]  net/ipv6/netfilter/nf_socket_ipv6.mod.o
  CC [M]  net/ipv6/netfilter/nf_tproxy_ipv6.mod.o
  CC [M]  net/ipv6/tunnel6.mod.o
  CC [M]  net/ipv6/xfrm6_tunnel.mod.o
  CC [M]  net/l2tp/l2tp_core.mod.o
  CC [M]  net/l2tp/l2tp_eth.mod.o
  CC [M]  net/l2tp/l2tp_ip.mod.o
  CC [M]  net/l2tp/l2tp_ip6.mod.o
  CC [M]  net/l2tp/l2tp_netlink.mod.o
  CC [M]  net/l2tp/l2tp_ppp.mod.o
  CC [M]  net/mac80211/mac80211.mod.o
  CC [M]  net/mac802154/mac802154.mod.o
  CC [M]  net/mpls/mpls_gso.mod.o
  CC [M]  net/netfilter/ipvs/ip_vs.mod.o
  CC [M]  net/netfilter/ipvs/ip_vs_dh.mod.o
  CC [M]  net/netfilter/ipvs/ip_vs_ftp.mod.o
  CC [M]  net/netfilter/ipvs/ip_vs_lblc.mod.o
  CC [M]  net/netfilter/ipvs/ip_vs_lblcr.mod.o
  CC [M]  net/netfilter/ipvs/ip_vs_lc.mod.o
  CC [M]  net/netfilter/ipvs/ip_vs_nq.mod.o
  CC [M]  net/netfilter/ipvs/ip_vs_pe_sip.mod.o
  CC [M]  net/netfilter/ipvs/ip_vs_rr.mod.o
  CC [M]  net/netfilter/ipvs/ip_vs_sed.mod.o
  CC [M]  net/netfilter/ipvs/ip_vs_sh.mod.o
  CC [M]  net/netfilter/ipvs/ip_vs_wlc.mod.o
  CC [M]  net/netfilter/ipvs/ip_vs_wrr.mod.o
  CC [M]  net/netfilter/nf_conncount.mod.o
  CC [M]  net/netfilter/nf_conntrack.mod.o
  CC [M]  net/netfilter/nf_conntrack_amanda.mod.o
  CC [M]  net/netfilter/nf_conntrack_broadcast.mod.o
  CC [M]  net/netfilter/nf_conntrack_ftp.mod.o
  CC [M]  net/netfilter/nf_conntrack_h323.mod.o
  CC [M]  net/netfilter/nf_conntrack_irc.mod.o
  CC [M]  net/netfilter/nf_conntrack_netbios_ns.mod.o
  CC [M]  net/netfilter/nf_conntrack_netlink.mod.o
  CC [M]  net/netfilter/nf_conntrack_pptp.mod.o
  CC [M]  net/netfilter/nf_conntrack_sane.mod.o
  CC [M]  net/netfilter/nf_conntrack_sip.mod.o
  CC [M]  net/netfilter/nf_conntrack_snmp.mod.o
  CC [M]  net/netfilter/nf_conntrack_tftp.mod.o
  CC [M]  net/netfilter/nf_nat.mod.o
  CC [M]  net/netfilter/nf_nat_amanda.mod.o
  CC [M]  net/netfilter/nf_nat_ftp.mod.o
  CC [M]  net/netfilter/nf_nat_irc.mod.o
  CC [M]  net/netfilter/nf_nat_sip.mod.o
  CC [M]  net/netfilter/nf_nat_tftp.mod.o
  CC [M]  net/netfilter/nf_synproxy_core.mod.o
  CC [M]  net/netfilter/nf_tables.mod.o
  CC [M]  net/netfilter/nfnetlink_acct.mod.o
  CC [M]  net/netfilter/nfnetlink_log.mod.o
  CC [M]  net/netfilter/nfnetlink_osf.mod.o
  CC [M]  net/netfilter/nfnetlink_queue.mod.o
  CC [M]  net/netfilter/nft_compat.mod.o
  CC [M]  net/netfilter/nft_ct.mod.o
  CC [M]  net/netfilter/nft_hash.mod.o
  CC [M]  net/netfilter/nft_limit.mod.o
  CC [M]  net/netfilter/nft_log.mod.o
  CC [M]  net/netfilter/nft_masq.mod.o
  CC [M]  net/netfilter/nft_numgen.mod.o
  CC [M]  net/netfilter/nft_objref.mod.o
  CC [M]  net/netfilter/nft_queue.mod.o
  CC [M]  net/netfilter/nft_quota.mod.o
  CC [M]  net/netfilter/nft_redir.mod.o
  CC [M]  net/netfilter/nft_reject.mod.o
  CC [M]  net/netfilter/nft_xfrm.mod.o
  CC [M]  net/netfilter/xt_CHECKSUM.mod.o
  CC [M]  net/netfilter/xt_CLASSIFY.mod.o
  CC [M]  net/netfilter/xt_CT.mod.o
  CC [M]  net/netfilter/xt_DSCP.mod.o
  CC [M]  net/netfilter/xt_HMARK.mod.o
  CC [M]  net/netfilter/xt_IDLETIMER.mod.o
  CC [M]  net/netfilter/xt_LED.mod.o
  CC [M]  net/netfilter/xt_LOG.mod.o
  CC [M]  net/netfilter/xt_MASQUERADE.mod.o
  CC [M]  net/netfilter/xt_NETMAP.mod.o
  CC [M]  net/netfilter/xt_NFLOG.mod.o
  CC [M]  net/netfilter/xt_NFQUEUE.mod.o
  CC [M]  net/netfilter/xt_RATEEST.mod.o
  CC [M]  net/netfilter/xt_REDIRECT.mod.o
  CC [M]  net/netfilter/xt_TCPMSS.mod.o
  CC [M]  net/netfilter/xt_TCPOPTSTRIP.mod.o
  CC [M]  net/netfilter/xt_TEE.mod.o
  CC [M]  net/netfilter/xt_TPROXY.mod.o
  CC [M]  net/netfilter/xt_TRACE.mod.o
  CC [M]  net/netfilter/xt_addrtype.mod.o
  CC [M]  net/netfilter/xt_bpf.mod.o
  CC [M]  net/netfilter/xt_cluster.mod.o
  CC [M]  net/netfilter/xt_comment.mod.o
  CC [M]  net/netfilter/xt_connbytes.mod.o
  CC [M]  net/netfilter/xt_connlabel.mod.o
  CC [M]  net/netfilter/xt_connlimit.mod.o
  CC [M]  net/netfilter/xt_connmark.mod.o
  CC [M]  net/netfilter/xt_conntrack.mod.o
  CC [M]  net/netfilter/xt_cpu.mod.o
  CC [M]  net/netfilter/xt_dccp.mod.o
  CC [M]  net/netfilter/xt_devgroup.mod.o
  CC [M]  net/netfilter/xt_dscp.mod.o
  CC [M]  net/netfilter/xt_esp.mod.o
  CC [M]  net/netfilter/xt_hashlimit.mod.o
  CC [M]  net/netfilter/xt_helper.mod.o
  CC [M]  net/netfilter/xt_iprange.mod.o
  CC [M]  net/netfilter/xt_ipvs.mod.o
  CC [M]  net/netfilter/xt_l2tp.mod.o
  CC [M]  net/netfilter/xt_length.mod.o
  CC [M]  net/netfilter/xt_limit.mod.o
  CC [M]  net/netfilter/xt_mac.mod.o
  CC [M]  net/netfilter/xt_mark.mod.o
  CC [M]  net/netfilter/xt_multiport.mod.o
  CC [M]  net/netfilter/xt_nat.mod.o
  CC [M]  net/netfilter/xt_nfacct.mod.o
  CC [M]  net/netfilter/xt_osf.mod.o
  CC [M]  net/netfilter/xt_owner.mod.o
  CC [M]  net/netfilter/xt_pkttype.mod.o
  CC [M]  net/netfilter/xt_policy.mod.o
  CC [M]  net/netfilter/xt_quota.mod.o
  CC [M]  net/netfilter/xt_rateest.mod.o
  CC [M]  net/netfilter/xt_realm.mod.o
  CC [M]  net/netfilter/xt_recent.mod.o
  CC [M]  net/netfilter/xt_sctp.mod.o
  CC [M]  net/netfilter/xt_set.mod.o
  CC [M]  net/netfilter/xt_state.mod.o
  CC [M]  net/netfilter/xt_statistic.mod.o
  CC [M]  net/netfilter/xt_string.mod.o
  CC [M]  net/netfilter/xt_tcpmss.mod.o
  CC [M]  net/netfilter/xt_time.mod.o
  CC [M]  net/netfilter/xt_u32.mod.o
  CC [M]  net/netrom/netrom.mod.o
  CC [M]  net/nfc/nfc.mod.o
  CC [M]  net/nsh/nsh.mod.o
  CC [M]  net/openvswitch/openvswitch.mod.o
  CC [M]  net/openvswitch/vport-gre.mod.o
  CC [M]  net/openvswitch/vport-vxlan.mod.o
  CC [M]  net/psample/psample.mod.o
  CC [M]  net/rfkill/rfkill.mod.o
  CC [M]  net/rose/rose.mod.o
  CC [M]  net/sched/act_bpf.mod.o
  CC [M]  net/sched/act_connmark.mod.o
  CC [M]  net/sched/act_csum.mod.o
  CC [M]  net/sched/act_gact.mod.o
  CC [M]  net/sched/act_ife.mod.o
  CC [M]  net/sched/act_ipt.mod.o
  CC [M]  net/sched/act_meta_mark.mod.o
  CC [M]  net/sched/act_meta_skbprio.mod.o
  CC [M]  net/sched/act_meta_skbtcindex.mod.o
  CC [M]  net/sched/act_mirred.mod.o
  CC [M]  net/sched/act_nat.mod.o
  CC [M]  net/sched/act_pedit.mod.o
  CC [M]  net/sched/act_police.mod.o
  CC [M]  net/sched/act_sample.mod.o
  CC [M]  net/sched/act_simple.mod.o
  CC [M]  net/sched/act_skbedit.mod.o
  CC [M]  net/sched/act_skbmod.mod.o
  CC [M]  net/sched/act_tunnel_key.mod.o
  CC [M]  net/sched/act_vlan.mod.o
  CC [M]  net/sched/cls_basic.mod.o
  CC [M]  net/sched/cls_bpf.mod.o
  CC [M]  net/sched/cls_cgroup.mod.o
  CC [M]  net/sched/cls_flow.mod.o
  CC [M]  net/sched/cls_flower.mod.o
  CC [M]  net/sched/cls_fw.mod.o
  CC [M]  net/sched/cls_matchall.mod.o
  CC [M]  net/sched/cls_route.mod.o
  CC [M]  net/sched/cls_u32.mod.o
  CC [M]  net/sched/em_cmp.mod.o
  CC [M]  net/sched/em_ipset.mod.o
  CC [M]  net/sched/em_meta.mod.o
  CC [M]  net/sched/em_nbyte.mod.o
  CC [M]  net/sched/em_text.mod.o
  CC [M]  net/sched/em_u32.mod.o
  CC [M]  net/sched/sch_choke.mod.o
  CC [M]  net/sched/sch_codel.mod.o
  CC [M]  net/sched/sch_drr.mod.o
  CC [M]  net/sched/sch_fq.mod.o
  CC [M]  net/sched/sch_fq_codel.mod.o
  CC [M]  net/sched/sch_gred.mod.o
  CC [M]  net/sched/sch_hfsc.mod.o
  CC [M]  net/sched/sch_hhf.mod.o
  CC [M]  net/sched/sch_htb.mod.o
  CC [M]  net/sched/sch_ingress.mod.o
  CC [M]  net/sched/sch_mqprio.mod.o
  CC [M]  net/sched/sch_multiq.mod.o
  CC [M]  net/sched/sch_netem.mod.o
  CC [M]  net/sched/sch_pie.mod.o
  CC [M]  net/sched/sch_plug.mod.o
  CC [M]  net/sched/sch_prio.mod.o
  CC [M]  net/sched/sch_qfq.mod.o
  CC [M]  net/sched/sch_red.mod.o
  CC [M]  net/sched/sch_sfb.mod.o
  CC [M]  net/sched/sch_sfq.mod.o
  CC [M]  net/sched/sch_tbf.mod.o
  CC [M]  net/sched/sch_teql.mod.o
  CC [M]  net/sctp/sctp.mod.o
  CC [M]  net/sctp/sctp_diag.mod.o
  CC [M]  net/wireless/cfg80211.mod.o
  CC [M]  net/wireless/lib80211.mod.o
  CC [M]  net/wireless/lib80211_crypt_ccmp.mod.o
  CC [M]  net/wireless/lib80211_crypt_tkip.mod.o
  CC [M]  net/wireless/lib80211_crypt_wep.mod.o
  CC [M]  net/xfrm/xfrm_interface.mod.o
  CC [M]  net/xfrm/xfrm_ipcomp.mod.o
  CC [M]  sound/soc/codecs/es7210.mod.o
  CC [M]  sound/soc/codecs/es8156.mod.o
  CC [M]  sound/soc/codecs/es8311.mod.o
  CC [M]  sound/soc/codecs/snd-soc-es8326.mod.o
  CC [M]  sound/soc/codecs/snd-soc-googlevoicehat-codec.mod.o
  CC [M]  sound/soc/codecs/snd-soc-hdmi-codec.mod.o
  CC [M]  sound/soc/codecs/snd-soc-wm8960.mod.o
  CC [M]  sound/soc/dwc/designware_i2s.mod.o
  CC [M]  sound/soc/generic/snd-soc-simple-card-utils.mod.o
  CC [M]  sound/soc/generic/snd-soc-simple-card.mod.o
  CC [M]  sound/soc/hobot/snd-soc-duplex-card.mod.o
  CC [M]  sound/soc/hobot/snd-soc-hobot-sound-duplex-host.mod.o
  CC [M]  sound/soc/hobot/snd-soc-hobot-sound-machine.mod.o
  CC [M]  sound/usb/6fire/snd-usb-6fire.mod.o
  CC [M]  sound/usb/caiaq/snd-usb-caiaq.mod.o
  CC [M]  sound/usb/hiface/snd-usb-hiface.mod.o
  CC [M]  sound/usb/line6/snd-usb-line6.mod.o
  CC [M]  sound/usb/line6/snd-usb-toneport.mod.o
  CC [M]  sound/usb/misc/snd-ua101.mod.o
  LD [M]  crypto/async_tx/async_memcpy.ko
  LD [M]  crypto/async_tx/async_pq.ko
  LD [M]  crypto/async_tx/async_raid6_recov.ko
  LD [M]  crypto/blake2b_generic.ko
  LD [M]  crypto/echainiv.ko
  LD [M]  crypto/lz4.ko
  LD [M]  crypto/michael_mic.ko
  LD [M]  crypto/seqiv.ko
  LD [M]  crypto/tcrypt.ko
  LD [M]  crypto/wp512.ko
  LD [M]  crypto/xcbc.ko
  LD [M]  crypto/xxhash_generic.ko
  LD [M]  drivers/ata/libata.ko
  LD [M]  drivers/bluetooth/ath3k.ko
  LD [M]  drivers/bluetooth/btbcm.ko
  LD [M]  drivers/bluetooth/btintel.ko
  LD [M]  drivers/bluetooth/btrtl.ko
  LD [M]  drivers/bluetooth/btusb.ko
  LD [M]  drivers/bluetooth/hci_uart.ko
  LD [M]  drivers/cdrom/cdrom.ko
  LD [M]  drivers/connector/cn.ko
  LD [M]  drivers/dma/dmatest.ko
  LD [M]  drivers/gpio/gpio-arizona.ko
  LD [M]  drivers/gpio/gpio-mockup.ko
  LD [M]  drivers/gpio/gpio-pcf857x.ko
  LD [M]  drivers/gpu/drm/bridge/lontium-lt8618.ko
  LD [M]  drivers/gpu/drm/bridge/verisilicon/vs_x5_syscon_bridge.ko
  LD [M]  drivers/gpu/drm/bridge/sii902x.ko
  LD [M]  drivers/gpu/drm/drm_kms_helper.ko
  LD [M]  drivers/gpu/drm/drm_shmem_helper.ko
  LD [M]  drivers/gpu/drm/panel/panel-jc-050hd134.ko
  LD [M]  drivers/gpu/drm/panel/panel-waveshare-dsi.ko
  LD [M]  drivers/gpu/drm/udl/udl.ko
  LD [M]  drivers/gpu/drm/panel/panel-wh-cm480.ko
  LD [M]  drivers/gpu/drm/verisilicon/vs_drm.ko
  LD [M]  drivers/hid/hid-a4tech.ko
  LD [M]  drivers/hid/hid-apple.ko
  LD [M]  drivers/hid/hid-asus.ko
  LD [M]  drivers/hid/hid-axff.ko
  LD [M]  drivers/hid/hid-belkin.ko
  LD [M]  drivers/hid/hid-betopff.ko
  LD [M]  drivers/hid/hid-cherry.ko
  LD [M]  drivers/hid/hid-chicony.ko
  LD [M]  drivers/hid/hid-corsair.ko
  LD [M]  drivers/hid/hid-cypress.ko
  LD [M]  drivers/hid/hid-dr.ko
  LD [M]  drivers/hid/hid-elecom.ko
  LD [M]  drivers/hid/hid-elo.ko
  LD [M]  drivers/hid/hid-emsff.ko
  LD [M]  drivers/hid/hid-ezkey.ko
  LD [M]  drivers/hid/hid-gaff.ko
  LD [M]  drivers/hid/hid-gembird.ko
  LD [M]  drivers/hid/hid-gyration.ko
  LD [M]  drivers/hid/hid-holtek-kbd.ko
  LD [M]  drivers/hid/hid-holtek-mouse.ko
  LD [M]  drivers/hid/hid-holtekff.ko
  LD [M]  drivers/hid/hid-keytouch.ko
  LD [M]  drivers/hid/hid-kensington.ko
  LD [M]  drivers/hid/hid-kye.ko
  LD [M]  drivers/hid/hid-lcpower.ko
  LD [M]  drivers/hid/hid-led.ko
  LD [M]  drivers/hid/hid-lg-g15.ko
  LD [M]  drivers/hid/hid-logitech-dj.ko
  LD [M]  drivers/hid/hid-logitech-hidpp.ko
  LD [M]  drivers/hid/hid-logitech.ko
  LD [M]  drivers/hid/hid-magicmouse.ko
  LD [M]  drivers/hid/hid-microsoft.ko
  LD [M]  drivers/hid/hid-monterey.ko
  LD [M]  drivers/hid/hid-ntrig.ko
  LD [M]  drivers/hid/hid-ortek.ko
  LD [M]  drivers/hid/hid-petalynx.ko
  LD [M]  drivers/hid/hid-picolcd.ko
  LD [M]  drivers/hid/hid-pl.ko
  LD [M]  drivers/hid/hid-prodikeys.ko
  LD [M]  drivers/hid/hid-roccat-arvo.ko
  LD [M]  drivers/hid/hid-roccat-common.ko
  LD [M]  drivers/hid/hid-roccat-isku.ko
  LD [M]  drivers/hid/hid-roccat-konepure.ko
  LD [M]  drivers/hid/hid-roccat-kovaplus.ko
  LD [M]  drivers/hid/hid-roccat-koneplus.ko
  LD [M]  drivers/hid/hid-roccat-lua.ko
  LD [M]  drivers/hid/hid-roccat-kone.ko
  LD [M]  drivers/hid/hid-roccat-pyra.ko
  LD [M]  drivers/hid/hid-roccat-ryos.ko
  LD [M]  drivers/hid/hid-roccat-savu.ko
  LD [M]  drivers/hid/hid-roccat.ko
  LD [M]  drivers/hid/hid-samsung.ko
  LD [M]  drivers/hid/hid-sjoy.ko
  LD [M]  drivers/hid/hid-sony.ko
  LD [M]  drivers/hid/hid-speedlink.ko
  LD [M]  drivers/hid/hid-thrustmaster.ko
  LD [M]  drivers/hid/hid-sunplus.ko
  LD [M]  drivers/hid/hid-tmff.ko
  LD [M]  drivers/hid/hid-topseed.ko
  LD [M]  drivers/hid/hid-twinhan.ko
  LD [M]  drivers/hid/hid-uclogic.ko
  LD [M]  drivers/hid/hid-waltop.ko
  LD [M]  drivers/hid/hid-wiimote.ko
  LD [M]  drivers/hid/hid-xinmo.ko
  LD [M]  drivers/hid/hid-zpff.ko
  LD [M]  drivers/hid/hid-zydacron.ko
  LD [M]  drivers/hid/uhid.ko
  LD [M]  drivers/hid/wacom.ko
  LD [M]  drivers/hwmon/gpio-fan.ko
  LD [M]  drivers/hwmon/iio_hwmon.ko
  LD [M]  drivers/hwmon/sht21.ko
  LD [M]  drivers/hwmon/sht3x.ko
  LD [M]  drivers/hwmon/shtc1.ko
  LD [M]  drivers/i2c/busses/i2c-gpio.ko
  LD [M]  drivers/i2c/busses/i2c-robotfuzz-osif.ko
  LD [M]  drivers/i2c/busses/i2c-tiny-usb.ko
  LD [M]  drivers/i2c/i2c-mux.ko
  LD [M]  drivers/i2c/muxes/i2c-mux-pca954x.ko
  LD [M]  drivers/iio/accel/bmi088.ko
  LD [M]  drivers/iio/common/ms_sensors/ms_sensors_i2c.ko
  LD [M]  drivers/iio/humidity/dht11.ko
  LD [M]  drivers/iio/humidity/hdc100x.ko
  LD [M]  drivers/iio/humidity/htu21.ko
  LD [M]  drivers/iio/temperature/maxim_thermocouple.ko
  LD [M]  drivers/input/evdev.ko
  LD [M]  drivers/input/ff-memless.ko
  LD [M]  drivers/input/gameport/gameport.ko
  LD [M]  drivers/input/gameport/lightning.ko
  LD [M]  drivers/input/gameport/ns558.ko
  LD [M]  drivers/input/input-leds.ko
  LD [M]  drivers/input/joydev.ko
  LD [M]  drivers/input/joystick/iforce/iforce-usb.ko
  LD [M]  drivers/input/joystick/iforce/iforce.ko
  LD [M]  drivers/input/joystick/psxpad-spi.ko
  LD [M]  drivers/input/joystick/xpad.ko
  LD [M]  drivers/input/keyboard/cap11xx.ko
  LD [M]  drivers/input/keyboard/matrix_keypad.ko
  LD [M]  drivers/input/matrix-keymap.ko
  LD [M]  drivers/input/misc/ad714x-i2c.ko
  LD [M]  drivers/input/misc/ad714x-spi.ko
  LD [M]  drivers/input/misc/adxl34x-i2c.ko
  LD [M]  drivers/input/misc/ad714x.ko
  LD [M]  drivers/input/misc/adxl34x-spi.ko
  LD [M]  drivers/input/misc/adxl34x.ko
  LD [M]  drivers/input/misc/ati_remote2.ko
  LD [M]  drivers/input/misc/cm109.ko
  LD [M]  drivers/input/misc/cma3000_d0x.ko
  LD [M]  drivers/input/misc/keyspan_remote.ko
  LD [M]  drivers/input/misc/powermate.ko
  LD [M]  drivers/input/misc/rotary_encoder.ko
  LD [M]  drivers/input/misc/uinput.ko
  LD [M]  drivers/input/misc/yealink.ko
  LD [M]  drivers/input/serio/serio_raw.ko
  LD [M]  drivers/input/touchscreen/ads7846.ko
  LD [M]  drivers/input/touchscreen/edt-ft5x06.ko
  LD [M]  drivers/input/touchscreen/egalax_ts.ko
  LD [M]  drivers/input/touchscreen/ft5406.ko
  LD [M]  drivers/input/touchscreen/goodix_ts.ko
  LD [M]  drivers/input/touchscreen/gt9xx_core.ko
  LD [M]  drivers/input/touchscreen/ili210x.ko
  LD [M]  drivers/input/touchscreen/stmpe-ts.ko
  LD [M]  drivers/input/touchscreen/usbtouchscreen.ko
  LD [M]  drivers/leds/led-class.ko
  LD [M]  drivers/leds/leds-gpio.ko
  LD [M]  drivers/leds/trigger/ledtrig-camera.ko
  LD [M]  drivers/md/dm-bio-prison.ko
  LD [M]  drivers/leds/trigger/ledtrig-transient.ko
  LD [M]  drivers/md/dm-cache-smq.ko
  LD [M]  drivers/md/dm-delay.ko
  LD [M]  drivers/md/dm-cache.ko
  LD [M]  drivers/md/dm-log-userspace.ko
  LD [M]  drivers/md/dm-mirror.ko
  LD [M]  drivers/md/dm-log.ko
  LD [M]  drivers/md/dm-raid.ko
  LD [M]  drivers/md/dm-region-hash.ko
  LD [M]  drivers/md/dm-snapshot.ko
  LD [M]  drivers/md/dm-thin-pool.ko
  LD [M]  drivers/md/linear.ko
  LD [M]  drivers/md/persistent-data/dm-persistent-data.ko
  LD [M]  drivers/md/raid0.ko
  LD [M]  drivers/md/raid1.ko
  LD [M]  drivers/md/raid10.ko
  LD [M]  drivers/md/raid456.ko
  LD [M]  drivers/media/common/tveeprom.ko
  LD [M]  drivers/media/common/v4l2-tpg/v4l2-tpg.ko
  LD [M]  drivers/media/common/videobuf2/videobuf2-common.ko
  LD [M]  drivers/media/common/videobuf2/videobuf2-dma-contig.ko
  LD [M]  drivers/media/common/videobuf2/videobuf2-dma-sg.ko
  LD [M]  drivers/media/common/videobuf2/videobuf2-memops.ko
  LD [M]  drivers/media/common/videobuf2/videobuf2-v4l2.ko
  LD [M]  drivers/media/common/videobuf2/videobuf2-vmalloc.ko
  LD [M]  drivers/media/i2c/imx219.ko
  LD [M]  drivers/media/i2c/imx477.ko
  LD [M]  drivers/media/i2c/ov5640.ko
  LD [M]  drivers/media/i2c/ov5647.ko
  LD [M]  drivers/media/i2c/ov9282.ko
  LD [M]  drivers/media/i2c/sc230ai.ko
  LD [M]  drivers/media/platform/horizon/codec/jpg/hobot_jpu.ko
  LD [M]  drivers/media/platform/horizon/codec/vpu/hobot_vpu.ko
  LD [M]  drivers/media/test-drivers/vivid/vivid.ko
  LD [M]  drivers/media/usb/em28xx/em28xx-alsa.ko
  LD [M]  drivers/media/usb/em28xx/em28xx-v4l.ko
  LD [M]  drivers/media/usb/em28xx/em28xx.ko
  LD [M]  drivers/media/usb/pwc/pwc.ko
  LD [M]  drivers/media/usb/usbtv/usbtv.ko
  LD [M]  drivers/media/usb/s2255/s2255drv.ko
  LD [M]  drivers/media/usb/uvc/uvcvideo.ko
  LD [M]  drivers/media/v4l2-core/tuner.ko
  LD [M]  drivers/mfd/arizona-spi.ko
  LD [M]  drivers/mfd/wl1273-core.ko
  LD [M]  drivers/misc/verisilicon/gc8000l/galcore.ko
  LD [M]  drivers/misc/verisilicon/gc820/vio_n2d.ko
  LD [M]  drivers/mmc/core/mmc_test.ko
  LD [M]  drivers/mtd/devices/block2mtd.ko
  LD [M]  drivers/net/bonding/bonding.ko
  LD [M]  drivers/net/can/dev/can-dev.ko
  LD [M]  drivers/net/can/m_can/m_can.ko
  LD [M]  drivers/net/can/m_can/m_can_platform.ko
  LD [M]  drivers/net/can/m_can/tcan4x5x.ko
  LD [M]  drivers/net/can/slcan/slcan.ko
  LD [M]  drivers/net/can/spi/mcp251x.ko
  LD [M]  drivers/net/can/usb/ems_usb.ko
  LD [M]  drivers/net/can/usb/gs_usb.ko
  LD [M]  drivers/net/can/usb/peak_usb/peak_usb.ko
  LD [M]  drivers/net/can/vcan.ko
  LD [M]  drivers/net/dummy.ko
  LD [M]  drivers/net/hamradio/6pack.ko
  LD [M]  drivers/net/hamradio/baycom_ser_fdx.ko
  LD [M]  drivers/net/hamradio/baycom_ser_hdx.ko
  LD [M]  drivers/net/hamradio/bpqether.ko
  LD [M]  drivers/net/hamradio/hdlcdrv.ko
  LD [M]  drivers/net/hamradio/yam.ko
  LD [M]  drivers/net/hamradio/mkiss.ko
  LD [M]  drivers/net/ieee802154/at86rf230.ko
  LD [M]  drivers/net/ieee802154/mrf24j40.ko
  LD [M]  drivers/net/ifb.ko
  LD [M]  drivers/net/ieee802154/cc2520.ko
  LD [M]  drivers/net/phy/ax88796b.ko
  LD [M]  drivers/net/macvlan.ko
  LD [M]  drivers/net/ipvlan/ipvlan.ko
  LD [M]  drivers/net/phy/microchip.ko
  LD [M]  drivers/net/ppp/bsd_comp.ko
  LD [M]  drivers/net/phy/smsc.ko
  LD [M]  drivers/net/ppp/ppp_async.ko
  LD [M]  drivers/net/ppp/ppp_deflate.ko
  LD [M]  drivers/net/ppp/ppp_generic.ko
  LD [M]  drivers/net/ppp/ppp_mppe.ko
  LD [M]  drivers/net/ppp/ppp_synctty.ko
  LD [M]  drivers/net/ppp/pppoe.ko
  LD [M]  drivers/net/ppp/pppox.ko
  LD [M]  drivers/net/slip/slhc.ko
  LD [M]  drivers/net/slip/slip.ko
  LD [M]  drivers/net/tun.ko
  LD [M]  drivers/net/usb/ax88179_178a.ko
  LD [M]  drivers/net/usb/asix.ko
  LD [M]  drivers/net/usb/catc.ko
  LD [M]  drivers/net/usb/cdc_eem.ko
  LD [M]  drivers/net/usb/cdc_ether.ko
  LD [M]  drivers/net/usb/cdc_mbim.ko
  LD [M]  drivers/net/usb/cdc_ncm.ko
  LD [M]  drivers/net/usb/cdc_subset.ko
  LD [M]  drivers/net/usb/ch9200.ko
  LD [M]  drivers/net/usb/cx82310_eth.ko
  LD [M]  drivers/net/usb/dm9601.ko
  LD [M]  drivers/net/usb/gl620a.ko
  LD [M]  drivers/net/usb/hso.ko
  LD [M]  drivers/net/usb/huawei_cdc_ncm.ko
  LD [M]  drivers/net/usb/int51x1.ko
  LD [M]  drivers/net/usb/ipheth.ko
  LD [M]  drivers/net/usb/kalmia.ko
  LD [M]  drivers/net/usb/kaweth.ko
  LD [M]  drivers/net/usb/lan78xx.ko
  LD [M]  drivers/net/usb/lg-vl600.ko
  LD [M]  drivers/net/usb/mcs7830.ko
  LD [M]  drivers/net/usb/net1080.ko
  LD [M]  drivers/net/usb/pegasus.ko
  LD [M]  drivers/net/usb/plusb.ko
  LD [M]  drivers/net/usb/qmi_wwan.ko
  LD [M]  drivers/net/usb/r8152.ko
  LD [M]  drivers/net/usb/r8153_ecm.ko
  LD [M]  drivers/net/usb/rndis_host.ko
  LD [M]  drivers/net/usb/rtl8150.ko
  LD [M]  drivers/net/usb/sierra_net.ko
  LD [M]  drivers/net/usb/smsc75xx.ko
  LD [M]  drivers/net/usb/sr9700.ko
  LD [M]  drivers/net/usb/sr9800.ko
  LD [M]  drivers/net/usb/smsc95xx.ko
  LD [M]  drivers/net/usb/usbnet.ko
  LD [M]  drivers/net/usb/zaurus.ko
  LD [M]  drivers/net/veth.ko
  LD [M]  drivers/net/wireless/aic8800/aic8800_btlpm/aic8800_btlpm.ko
  LD [M]  drivers/net/vrf.ko
  LD [M]  drivers/net/vxlan/vxlan.ko
  LD [M]  drivers/net/wireless/aic8800/aic8800_bsp/aic8800_bsp.ko
  LD [M]  drivers/net/wireless/aic8800/aic8800_fdrv/aic8800_fdrv.ko
  LD [M]  drivers/net/wireless/ath/ath.ko
  LD [M]  drivers/net/wireless/ath/carl9170/carl9170.ko
  LD [M]  drivers/net/wireless/broadcom/brcm80211/brcmfmac/brcmfmac.ko
  LD [M]  drivers/net/wireless/broadcom/brcm80211/brcmutil/brcmutil.ko
  LD [M]  drivers/net/wireless/intersil/hostap/hostap.ko
  LD [M]  drivers/nvme/host/nvme-core.ko
  LD [M]  drivers/nvme/host/nvme-fc.ko
  LD [M]  drivers/nvme/host/nvme-fabrics.ko
  LD [M]  drivers/rtc/rtc-abx80x.ko
  LD [M]  drivers/rtc/rtc-bq32k.ko
  LD [M]  drivers/rtc/rtc-ds1302.ko
  LD [M]  drivers/rtc/rtc-ds1307.ko
  LD [M]  drivers/rtc/rtc-ds1374.ko
  LD [M]  drivers/rtc/rtc-ds1305.ko
  LD [M]  drivers/rtc/rtc-ds1390.ko
  LD [M]  drivers/rtc/rtc-ds1672.ko
  LD [M]  drivers/rtc/rtc-ds3232.ko
  LD [M]  drivers/rtc/rtc-em3027.ko
  LD [M]  drivers/rtc/rtc-fm3130.ko
  LD [M]  drivers/rtc/rtc-hpu3501.ko
  LD [M]  drivers/rtc/rtc-hym8563.ko
  LD [M]  drivers/rtc/rtc-isl1208.ko
  LD [M]  drivers/rtc/rtc-isl12022.ko
  LD [M]  drivers/rtc/rtc-m41t80.ko
  LD [M]  drivers/rtc/rtc-m41t93.ko
  LD [M]  drivers/rtc/rtc-max6900.ko
  LD [M]  drivers/rtc/rtc-m41t94.ko
  LD [M]  drivers/rtc/rtc-max6902.ko
  LD [M]  drivers/rtc/rtc-pcf2123.ko
  LD [M]  drivers/rtc/rtc-pcf2127.ko
  LD [M]  drivers/rtc/rtc-pcf85063.ko
  LD [M]  drivers/rtc/rtc-pcf8523.ko
  LD [M]  drivers/rtc/rtc-pcf8563.ko
  LD [M]  drivers/rtc/rtc-pcf8583.ko
  LD [M]  drivers/rtc/rtc-r9701.ko
  LD [M]  drivers/rtc/rtc-rs5c348.ko
  LD [M]  drivers/rtc/rtc-rs5c372.ko
  LD [M]  drivers/rtc/rtc-rv3029c2.ko
  LD [M]  drivers/rtc/rtc-rv8803.ko
  LD [M]  drivers/rtc/rtc-rx4581.ko
  LD [M]  drivers/rtc/rtc-rx8025.ko
  LD [M]  drivers/rtc/rtc-rx8581.ko
  LD [M]  drivers/rtc/rtc-s35390a.ko
  LD [M]  drivers/rtc/rtc-x1205.ko
  LD [M]  drivers/scsi/iscsi_boot_sysfs.ko
  LD [M]  drivers/scsi/iscsi_tcp.ko
  LD [M]  drivers/scsi/libiscsi.ko
  LD [M]  drivers/scsi/libiscsi_tcp.ko
  LD [M]  drivers/scsi/sr_mod.ko
  LD [M]  drivers/scsi/scsi_transport_iscsi.ko
  LD [M]  drivers/scsi/st.ko
  LD [M]  drivers/soc/hobot/bpu/bpu_framework.ko
  LD [M]  drivers/soc/hobot/bpu/bpu_cores.ko
  LD [M]  drivers/soc/hobot/bpu/bpu_governor.ko
  LD [M]  drivers/spi/spi-bitbang.ko
  LD [M]  drivers/spi/spidev.ko
  LD [M]  drivers/spi/spi-gpio.ko
  LD [M]  drivers/ssb/ssb.ko
  LD [M]  drivers/staging/rtl8723bs/r8723bs.ko
  LD [M]  drivers/staging/rtl8723du/8723du.ko
  LD [M]  drivers/staging/rtl8852bs/8852bs.ko
  LD [M]  drivers/usb/atm/speedtch.ko
  LD [M]  drivers/usb/atm/cxacru.ko
  LD [M]  drivers/usb/atm/ueagle-atm.ko
  LD [M]  drivers/usb/atm/usbatm.ko
  LD [M]  drivers/usb/atm/xusbatm.ko
  LD [M]  drivers/usb/class/cdc-acm.ko
  LD [M]  drivers/usb/class/usblp.ko
  LD [M]  drivers/usb/class/usbtmc.ko
  LD [M]  drivers/usb/gadget/function/u_audio.ko
  LD [M]  drivers/usb/class/cdc-wdm.ko
  LD [M]  drivers/usb/gadget/function/u_ether.ko
  LD [M]  drivers/usb/gadget/function/u_serial.ko
  LD [M]  drivers/usb/gadget/function/usb_f_acm.ko
  LD [M]  drivers/usb/gadget/function/usb_f_ecm.ko
  LD [M]  drivers/usb/gadget/function/usb_f_ecm_subset.ko
  LD [M]  drivers/usb/gadget/function/usb_f_eem.ko
  LD [M]  drivers/usb/gadget/function/usb_f_fs.ko
  LD [M]  drivers/usb/gadget/function/usb_f_hid.ko
  LD [M]  drivers/usb/gadget/function/usb_f_mass_storage.ko
  LD [M]  drivers/usb/gadget/function/usb_f_midi.ko
  LD [M]  drivers/usb/gadget/function/usb_f_obex.ko
  LD [M]  drivers/usb/gadget/function/usb_f_ncm.ko
  LD [M]  drivers/usb/gadget/function/usb_f_printer.ko
  LD [M]  drivers/usb/gadget/function/usb_f_rndis.ko
  LD [M]  drivers/usb/gadget/function/usb_f_serial.ko
  LD [M]  drivers/usb/gadget/function/usb_f_ss_lb.ko
  LD [M]  drivers/usb/gadget/function/usb_f_uac1.ko
  LD [M]  drivers/usb/gadget/function/usb_f_uvc.ko
  LD [M]  drivers/usb/gadget/function/usb_f_uac2.ko
  LD [M]  drivers/usb/gadget/legacy/g_acm_ms.ko
  LD [M]  drivers/usb/gadget/legacy/g_audio.ko
  LD [M]  drivers/usb/gadget/legacy/g_cdc.ko
  LD [M]  drivers/usb/gadget/legacy/g_ether.ko
  LD [M]  drivers/usb/gadget/legacy/g_ffs.ko
  LD [M]  drivers/usb/gadget/legacy/g_hid.ko
  LD [M]  drivers/usb/gadget/legacy/g_mass_storage.ko
  LD [M]  drivers/usb/gadget/legacy/g_midi.ko
  LD [M]  drivers/usb/gadget/legacy/g_multi.ko
  LD [M]  drivers/usb/gadget/legacy/g_ncm.ko
  LD [M]  drivers/usb/gadget/legacy/g_printer.ko
  LD [M]  drivers/usb/gadget/legacy/g_serial.ko
  LD [M]  drivers/usb/gadget/legacy/g_webcam.ko
  LD [M]  drivers/usb/gadget/legacy/g_zero.ko
  LD [M]  drivers/usb/gadget/legacy/gadgetfs.ko
  LD [M]  drivers/usb/gadget/legacy/raw_gadget.ko
  LD [M]  drivers/usb/gadget/libcomposite.ko
  LD [M]  drivers/usb/image/microtek.ko
  LD [M]  drivers/usb/image/mdc800.ko
  LD [M]  drivers/usb/misc/adutux.ko
  LD [M]  drivers/usb/misc/appledisplay.ko
  LD [M]  drivers/usb/misc/cypress_cy7c63.ko
  LD [M]  drivers/usb/misc/cytherm.ko
  LD [M]  drivers/usb/misc/emi26.ko
  LD [M]  drivers/usb/misc/emi62.ko
  LD [M]  drivers/usb/misc/ezusb.ko
  LD [M]  drivers/usb/misc/idmouse.ko
  LD [M]  drivers/usb/misc/ftdi-elan.ko
  LD [M]  drivers/usb/misc/iowarrior.ko
  LD [M]  drivers/usb/misc/isight_firmware.ko
  LD [M]  drivers/usb/misc/ldusb.ko
  LD [M]  drivers/usb/misc/legousbtower.ko
  LD [M]  drivers/usb/misc/trancevibrator.ko
  LD [M]  drivers/usb/misc/usblcd.ko
  LD [M]  drivers/usb/misc/usbsevseg.ko
  LD [M]  drivers/usb/misc/usbtest.ko
  LD [M]  drivers/usb/misc/yurex.ko
  LD [M]  drivers/usb/mon/usbmon.ko
  LD [M]  drivers/usb/serial/aircable.ko
  LD [M]  drivers/usb/serial/ark3116.ko
  LD [M]  drivers/usb/serial/belkin_sa.ko
  LD [M]  drivers/usb/serial/ch341.ko
  LD [M]  drivers/usb/serial/cp210x.ko
  LD [M]  drivers/usb/serial/cyberjack.ko
  LD [M]  drivers/usb/serial/cypress_m8.ko
  LD [M]  drivers/usb/serial/digi_acceleport.ko
  LD [M]  drivers/usb/serial/empeg.ko
  LD [M]  drivers/usb/serial/f81534.ko
  LD [M]  drivers/usb/serial/f81232.ko
  LD [M]  drivers/usb/serial/ftdi_sio.ko
  LD [M]  drivers/usb/serial/garmin_gps.ko
  LD [M]  drivers/usb/serial/io_edgeport.ko
  LD [M]  drivers/usb/serial/io_ti.ko
  LD [M]  drivers/usb/serial/ipaq.ko
  LD [M]  drivers/usb/serial/ipw.ko
  LD [M]  drivers/usb/serial/ir-usb.ko
  LD [M]  drivers/usb/serial/iuu_phoenix.ko
  LD [M]  drivers/usb/serial/keyspan_pda.ko
  LD [M]  drivers/usb/serial/keyspan.ko
  LD [M]  drivers/usb/serial/kl5kusb105.ko
  LD [M]  drivers/usb/serial/kobil_sct.ko
  LD [M]  drivers/usb/serial/mct_u232.ko
  LD [M]  drivers/usb/serial/metro-usb.ko
  LD [M]  drivers/usb/serial/mos7720.ko
  LD [M]  drivers/usb/serial/mos7840.ko
  LD [M]  drivers/usb/serial/mxuport.ko
  LD [M]  drivers/usb/serial/navman.ko
  LD [M]  drivers/usb/serial/omninet.ko
  LD [M]  drivers/usb/serial/opticon.ko
  LD [M]  drivers/usb/serial/oti6858.ko
  LD [M]  drivers/usb/serial/option.ko
  LD [M]  drivers/usb/serial/pl2303.ko
  LD [M]  drivers/usb/serial/qcaux.ko
  LD [M]  drivers/usb/serial/qcserial.ko
  LD [M]  drivers/usb/serial/quatech2.ko
  LD [M]  drivers/usb/serial/safe_serial.ko
  LD [M]  drivers/usb/serial/sierra.ko
  LD [M]  drivers/usb/serial/ssu100.ko
  LD [M]  drivers/usb/serial/spcp8x5.ko
  LD [M]  drivers/usb/serial/symbolserial.ko
  LD [M]  drivers/usb/serial/ti_usb_3410_5052.ko
  LD [M]  drivers/usb/serial/upd78f0730.ko
  LD [M]  drivers/usb/serial/usb_debug.ko
  LD [M]  drivers/usb/serial/usb_wwan.ko
  LD [M]  drivers/usb/serial/visor.ko
  LD [M]  drivers/usb/serial/whiteheat.ko
  LD [M]  drivers/usb/serial/wishbone-serial.ko
  LD [M]  drivers/usb/serial/xsens_mt.ko
  LD [M]  drivers/usb/storage/ums-alauda.ko
  LD [M]  drivers/usb/storage/ums-cypress.ko
  LD [M]  drivers/usb/storage/ums-datafab.ko
  LD [M]  drivers/usb/storage/ums-eneub6250.ko
  LD [M]  drivers/usb/storage/ums-freecom.ko
  LD [M]  drivers/usb/storage/ums-isd200.ko
  LD [M]  drivers/usb/storage/ums-jumpshot.ko
  LD [M]  drivers/usb/storage/ums-karma.ko
  LD [M]  drivers/usb/storage/ums-onetouch.ko
  LD [M]  drivers/usb/storage/ums-sddr09.ko
  LD [M]  drivers/usb/storage/ums-usbat.ko
  LD [M]  drivers/usb/storage/ums-sddr55.ko
  LD [M]  drivers/usb/usbip/usbip-core.ko
  LD [M]  drivers/usb/usbip/usbip-host.ko
  LD [M]  drivers/usb/usbip/usbip-vudc.ko
  LD [M]  drivers/usb/usbip/vhci-hcd.ko
  LD [M]  drivers/video/fbdev/core/fb_sys_fops.ko
  LD [M]  drivers/video/fbdev/core/syscopyarea.ko
  LD [M]  drivers/video/fbdev/core/sysfillrect.ko
  LD [M]  drivers/video/fbdev/core/sysimgblt.ko
  LD [M]  drivers/video/fbdev/ssd1307fb.ko
  LD [M]  drivers/video/fbdev/udlfb.ko
  LD [M]  drivers/w1/masters/ds1wm.ko
  LD [M]  drivers/video/fbdev/vfb.ko
  LD [M]  drivers/w1/masters/ds2482.ko
  LD [M]  drivers/w1/masters/ds2490.ko
  LD [M]  drivers/w1/masters/w1-gpio.ko
  LD [M]  drivers/w1/slaves/w1_ds2406.ko
  LD [M]  drivers/w1/slaves/w1_ds2408.ko
  LD [M]  drivers/w1/slaves/w1_ds2413.ko
  LD [M]  drivers/w1/slaves/w1_ds2423.ko
  LD [M]  drivers/w1/slaves/w1_ds2433.ko
  LD [M]  drivers/w1/slaves/w1_ds2431.ko
  LD [M]  drivers/w1/slaves/w1_ds2438.ko
  LD [M]  drivers/w1/slaves/w1_ds2780.ko
  LD [M]  drivers/w1/slaves/w1_ds2781.ko
  LD [M]  drivers/w1/slaves/w1_ds28e04.ko
  LD [M]  drivers/w1/slaves/w1_therm.ko
  LD [M]  drivers/w1/slaves/w1_smem.ko
  LD [M]  drivers/w1/wire.ko
  LD [M]  drivers/watchdog/gpio_wdt.ko
  LD [M]  fs/9p/9p.ko
  LD [M]  fs/binfmt_misc.ko
  LD [M]  fs/btrfs/btrfs.ko
  LD [M]  fs/dlm/dlm.ko
  LD [M]  fs/ecryptfs/ecryptfs.ko
  LD [M]  fs/fuse/cuse.ko
  LD [M]  fs/fuse/fuse.ko
  LD [M]  fs/gfs2/gfs2.ko
  LD [M]  fs/hfs/hfs.ko
  LD [M]  fs/jffs2/jffs2.ko
  LD [M]  fs/hfsplus/hfsplus.ko
  LD [M]  fs/isofs/isofs.ko
  LD [M]  fs/jfs/jfs.ko
  LD [M]  fs/nilfs2/nilfs2.ko
  LD [M]  fs/nls/nls_cp1250.ko
  LD [M]  fs/nls/nls_cp1251.ko
  LD [M]  fs/nls/nls_cp1255.ko
  LD [M]  fs/nls/nls_cp737.ko
  LD [M]  fs/nls/nls_cp775.ko
  LD [M]  fs/nls/nls_cp850.ko
  LD [M]  fs/nls/nls_cp852.ko
  LD [M]  fs/nls/nls_cp855.ko
  LD [M]  fs/nls/nls_cp860.ko
  LD [M]  fs/nls/nls_cp861.ko
  LD [M]  fs/nls/nls_cp857.ko
  LD [M]  fs/nls/nls_cp862.ko
  LD [M]  fs/nls/nls_cp863.ko
  LD [M]  fs/nls/nls_cp864.ko
  LD [M]  fs/nls/nls_cp866.ko
  LD [M]  fs/nls/nls_cp869.ko
  LD [M]  fs/nls/nls_cp865.ko
  LD [M]  fs/nls/nls_cp874.ko
  LD [M]  fs/nls/nls_cp936.ko
  LD [M]  fs/nls/nls_cp932.ko
  LD [M]  fs/nls/nls_cp949.ko
  LD [M]  fs/nls/nls_cp950.ko
  LD [M]  fs/nls/nls_euc-jp.ko
  LD [M]  fs/nls/nls_iso8859-13.ko
  LD [M]  fs/nls/nls_iso8859-14.ko
  LD [M]  fs/nls/nls_iso8859-15.ko
  LD [M]  fs/nls/nls_iso8859-2.ko
  LD [M]  fs/nls/nls_iso8859-4.ko
  LD [M]  fs/nls/nls_iso8859-3.ko
  LD [M]  fs/nls/nls_iso8859-5.ko
  LD [M]  fs/nls/nls_iso8859-6.ko
  LD [M]  fs/nls/nls_iso8859-7.ko
  LD [M]  fs/nls/nls_koi8-r.ko
  LD [M]  fs/nls/nls_iso8859-9.ko
  LD [M]  fs/nls/nls_koi8-ru.ko
  LD [M]  fs/nls/nls_koi8-u.ko
  LD [M]  fs/nls/nls_utf8.ko
  LD [M]  fs/ntfs/ntfs.ko
  LD [M]  fs/ocfs2/cluster/ocfs2_nodemanager.ko
  LD [M]  fs/ocfs2/dlm/ocfs2_dlm.ko
  LD [M]  fs/ocfs2/dlmfs/ocfs2_dlmfs.ko
  LD [M]  fs/ocfs2/ocfs2.ko
  LD [M]  fs/ocfs2/ocfs2_stack_o2cb.ko
  LD [M]  fs/ocfs2/ocfs2_stack_user.ko
  LD [M]  fs/ocfs2/ocfs2_stackglue.ko
  LD [M]  fs/quota/quota_tree.ko
  LD [M]  fs/overlayfs/overlay.ko
  LD [M]  fs/quota/quota_v1.ko
  LD [M]  fs/quota/quota_v2.ko
  LD [M]  fs/reiserfs/reiserfs.ko
  LD [M]  fs/smb/client/cifs.ko
  LD [M]  fs/smb/common/cifs_arc4.ko
  LD [M]  fs/smb/common/cifs_md4.ko
  LD [M]  fs/udf/udf.ko
  LD [M]  fs/xfs/xfs.ko
  LD [M]  lib/crc-ccitt.ko
  LD [M]  lib/crc8.ko
  LD [M]  lib/libcrc32c.ko
  LD [M]  lib/lz4/lz4_compress.ko
  LD [M]  lib/ts_bm.ko
  LD [M]  lib/raid6/raid6_pq.ko
  LD [M]  lib/ts_fsm.ko
  LD [M]  lib/ts_kmp.ko
  LD [M]  mm/z3fold.ko
  LD [M]  mm/zsmalloc.ko
  LD [M]  net/6lowpan/6lowpan.ko
  LD [M]  net/6lowpan/nhc_dest.ko
  LD [M]  net/6lowpan/nhc_fragment.ko
  LD [M]  net/6lowpan/nhc_hop.ko
  LD [M]  net/6lowpan/nhc_ipv6.ko
  LD [M]  net/6lowpan/nhc_routing.ko
  LD [M]  net/6lowpan/nhc_mobility.ko
  LD [M]  net/6lowpan/nhc_udp.ko
  LD [M]  net/9p/9pnet.ko
  LD [M]  net/9p/9pnet_fd.ko
  LD [M]  net/appletalk/appletalk.ko
  LD [M]  net/atm/atm.ko
  LD [M]  net/ax25/ax25.ko
  LD [M]  net/atm/pppoatm.ko
  LD [M]  net/batman-adv/batman-adv.ko
  LD [M]  net/bluetooth/bluetooth.ko
  LD [M]  net/bluetooth/bnep/bnep.ko
  LD [M]  net/bluetooth/hidp/hidp.ko
  LD [M]  net/bluetooth/rfcomm/rfcomm.ko
  LD [M]  net/bridge/br_netfilter.ko
  LD [M]  net/bridge/bridge.ko
  LD [M]  net/bridge/netfilter/ebt_802_3.ko
  LD [M]  net/bridge/netfilter/ebt_among.ko
  LD [M]  net/bridge/netfilter/ebt_arp.ko
  LD [M]  net/bridge/netfilter/ebt_arpreply.ko
  LD [M]  net/bridge/netfilter/ebt_dnat.ko
  LD [M]  net/bridge/netfilter/ebt_ip.ko
  LD [M]  net/bridge/netfilter/ebt_ip6.ko
  LD [M]  net/bridge/netfilter/ebt_limit.ko
  LD [M]  net/bridge/netfilter/ebt_log.ko
  LD [M]  net/bridge/netfilter/ebt_mark.ko
  LD [M]  net/bridge/netfilter/ebt_mark_m.ko
  LD [M]  net/bridge/netfilter/ebt_nflog.ko
  LD [M]  net/bridge/netfilter/ebt_pkttype.ko
  LD [M]  net/bridge/netfilter/ebt_redirect.ko
  LD [M]  net/bridge/netfilter/ebt_snat.ko
  LD [M]  net/bridge/netfilter/ebt_stp.ko
  LD [M]  net/bridge/netfilter/ebt_vlan.ko
  LD [M]  net/bridge/netfilter/ebtable_broute.ko
  LD [M]  net/bridge/netfilter/ebtable_filter.ko
  LD [M]  net/bridge/netfilter/ebtable_nat.ko
  LD [M]  net/bridge/netfilter/ebtables.ko
  LD [M]  net/bridge/netfilter/nft_reject_bridge.ko
  LD [M]  net/can/can-bcm.ko
  LD [M]  net/can/can-raw.ko
  LD [M]  net/can/can-gw.ko
  LD [M]  net/can/can.ko
  LD [M]  net/core/pktgen.ko
  LD [M]  net/ieee802154/6lowpan/ieee802154_6lowpan.ko
  LD [M]  net/ieee802154/ieee802154_socket.ko
  LD [M]  net/ieee802154/ieee802154.ko
  LD [M]  net/ife/ife.ko
  LD [M]  net/ipv4/esp4.ko
  LD [M]  net/ipv4/gre.ko
  LD [M]  net/ipv4/ip_vti.ko
  LD [M]  net/ipv4/ip_gre.ko
  LD [M]  net/ipv4/ipcomp.ko
  LD [M]  net/ipv4/netfilter/ipt_CLUSTERIP.ko
  LD [M]  net/ipv4/netfilter/nf_defrag_ipv4.ko
  LD [M]  net/ipv4/netfilter/iptable_nat.ko
  LD [M]  net/ipv4/netfilter/nf_dup_ipv4.ko
  LD [M]  net/ipv4/netfilter/nf_nat_h323.ko
  LD [M]  net/ipv4/netfilter/nf_nat_pptp.ko
  LD [M]  net/ipv4/netfilter/nf_nat_snmp_basic.ko
  LD [M]  net/ipv4/netfilter/nf_socket_ipv4.ko
  LD [M]  net/ipv4/netfilter/nf_tproxy_ipv4.ko
  LD [M]  net/ipv4/tcp_bbr.ko
  LD [M]  net/ipv4/tcp_bic.ko
  LD [M]  net/ipv4/tcp_htcp.ko
  LD [M]  net/ipv4/tcp_westwood.ko
  LD [M]  net/ipv4/udp_tunnel.ko
  LD [M]  net/ipv6/ah6.ko
  LD [M]  net/ipv4/xfrm4_tunnel.ko
  LD [M]  net/ipv6/esp6.ko
  LD [M]  net/ipv6/ila/ila.ko
  LD [M]  net/ipv6/esp6_offload.ko
  LD [M]  net/ipv6/ip6_gre.ko
  LD [M]  net/ipv6/ip6_tunnel.ko
  LD [M]  net/ipv6/ip6_udp_tunnel.ko
  LD [M]  net/ipv6/ip6_vti.ko
  LD [M]  net/ipv6/ipcomp6.ko
  LD [M]  net/ipv6/netfilter/ip6_tables.ko
  LD [M]  net/ipv6/netfilter/ip6t_NPT.ko
  LD [M]  net/ipv6/netfilter/ip6t_REJECT.ko
  LD [M]  net/ipv6/netfilter/ip6t_ah.ko
  LD [M]  net/ipv6/netfilter/ip6t_eui64.ko
  LD [M]  net/ipv6/netfilter/ip6t_SYNPROXY.ko
  LD [M]  net/ipv6/netfilter/ip6t_frag.ko
  LD [M]  net/ipv6/netfilter/ip6t_hbh.ko
  LD [M]  net/ipv6/netfilter/ip6t_ipv6header.ko
  LD [M]  net/ipv6/netfilter/ip6t_mh.ko
  LD [M]  net/ipv6/netfilter/ip6t_rpfilter.ko
  LD [M]  net/ipv6/netfilter/ip6t_rt.ko
  LD [M]  net/ipv6/netfilter/ip6table_filter.ko
  LD [M]  net/ipv6/netfilter/ip6table_mangle.ko
  LD [M]  net/ipv6/netfilter/ip6table_nat.ko
  LD [M]  net/ipv6/netfilter/ip6table_raw.ko
  LD [M]  net/ipv6/netfilter/ip6table_security.ko
  LD [M]  net/ipv6/netfilter/nf_defrag_ipv6.ko
  LD [M]  net/ipv6/netfilter/nf_dup_ipv6.ko
  LD [M]  net/ipv6/netfilter/nf_reject_ipv6.ko
  LD [M]  net/ipv6/netfilter/nf_socket_ipv6.ko
  LD [M]  net/ipv6/netfilter/nf_tproxy_ipv6.ko
  LD [M]  net/ipv6/tunnel6.ko
  LD [M]  net/ipv6/xfrm6_tunnel.ko
  LD [M]  net/l2tp/l2tp_core.ko
  LD [M]  net/l2tp/l2tp_eth.ko
  LD [M]  net/l2tp/l2tp_ip.ko
  LD [M]  net/l2tp/l2tp_ip6.ko
  LD [M]  net/l2tp/l2tp_netlink.ko
  LD [M]  net/l2tp/l2tp_ppp.ko
  LD [M]  net/mac80211/mac80211.ko
  LD [M]  net/mac802154/mac802154.ko
  LD [M]  net/mpls/mpls_gso.ko
  LD [M]  net/netfilter/ipvs/ip_vs.ko
  LD [M]  net/netfilter/ipvs/ip_vs_dh.ko
  LD [M]  net/netfilter/ipvs/ip_vs_ftp.ko
  LD [M]  net/netfilter/ipvs/ip_vs_lblcr.ko
  LD [M]  net/netfilter/ipvs/ip_vs_lc.ko
  LD [M]  net/netfilter/ipvs/ip_vs_nq.ko
  LD [M]  net/netfilter/ipvs/ip_vs_pe_sip.ko
  LD [M]  net/netfilter/ipvs/ip_vs_rr.ko
  LD [M]  net/netfilter/ipvs/ip_vs_lblc.ko
  LD [M]  net/netfilter/ipvs/ip_vs_sh.ko
  LD [M]  net/netfilter/ipvs/ip_vs_sed.ko
  LD [M]  net/netfilter/ipvs/ip_vs_wlc.ko
  LD [M]  net/netfilter/ipvs/ip_vs_wrr.ko
  LD [M]  net/netfilter/nf_conncount.ko
  LD [M]  net/netfilter/nf_conntrack.ko
  LD [M]  net/netfilter/nf_conntrack_amanda.ko
  LD [M]  net/netfilter/nf_conntrack_broadcast.ko
  LD [M]  net/netfilter/nf_conntrack_h323.ko
  LD [M]  net/netfilter/nf_conntrack_irc.ko
  LD [M]  net/netfilter/nf_conntrack_ftp.ko
  LD [M]  net/netfilter/nf_conntrack_netbios_ns.ko
  LD [M]  net/netfilter/nf_conntrack_netlink.ko
  LD [M]  net/netfilter/nf_conntrack_pptp.ko
  LD [M]  net/netfilter/nf_conntrack_sane.ko
  LD [M]  net/netfilter/nf_conntrack_sip.ko
  LD [M]  net/netfilter/nf_conntrack_tftp.ko
  LD [M]  net/netfilter/nf_conntrack_snmp.ko
  LD [M]  net/netfilter/nf_nat.ko
  LD [M]  net/netfilter/nf_nat_amanda.ko
  LD [M]  net/netfilter/nf_nat_ftp.ko
  LD [M]  net/netfilter/nf_nat_irc.ko
  LD [M]  net/netfilter/nf_nat_sip.ko
  LD [M]  net/netfilter/nf_synproxy_core.ko
  LD [M]  net/netfilter/nf_nat_tftp.ko
  LD [M]  net/netfilter/nf_tables.ko
  LD [M]  net/netfilter/nfnetlink_acct.ko
  LD [M]  net/netfilter/nfnetlink_log.ko
  LD [M]  net/netfilter/nfnetlink_osf.ko
  LD [M]  net/netfilter/nfnetlink_queue.ko
  LD [M]  net/netfilter/nft_compat.ko
  LD [M]  net/netfilter/nft_ct.ko
  LD [M]  net/netfilter/nft_hash.ko
  LD [M]  net/netfilter/nft_limit.ko
  LD [M]  net/netfilter/nft_log.ko
  LD [M]  net/netfilter/nft_numgen.ko
  LD [M]  net/netfilter/nft_masq.ko
  LD [M]  net/netfilter/nft_objref.ko
  LD [M]  net/netfilter/nft_queue.ko
  LD [M]  net/netfilter/nft_redir.ko
  LD [M]  net/netfilter/nft_quota.ko
  LD [M]  net/netfilter/nft_reject.ko
  LD [M]  net/netfilter/nft_xfrm.ko
  LD [M]  net/netfilter/xt_CLASSIFY.ko
  LD [M]  net/netfilter/xt_DSCP.ko
  LD [M]  net/netfilter/xt_CHECKSUM.ko
  LD [M]  net/netfilter/xt_CT.ko
  LD [M]  net/netfilter/xt_HMARK.ko
  LD [M]  net/netfilter/xt_IDLETIMER.ko
  LD [M]  net/netfilter/xt_LED.ko
  LD [M]  net/netfilter/xt_LOG.ko
  LD [M]  net/netfilter/xt_MASQUERADE.ko
  LD [M]  net/netfilter/xt_NETMAP.ko
  LD [M]  net/netfilter/xt_NFLOG.ko
  LD [M]  net/netfilter/xt_NFQUEUE.ko
  LD [M]  net/netfilter/xt_RATEEST.ko
  LD [M]  net/netfilter/xt_REDIRECT.ko
  LD [M]  net/netfilter/xt_TCPMSS.ko
  LD [M]  net/netfilter/xt_TCPOPTSTRIP.ko
  LD [M]  net/netfilter/xt_TEE.ko
  LD [M]  net/netfilter/xt_TPROXY.ko
  LD [M]  net/netfilter/xt_TRACE.ko
  LD [M]  net/netfilter/xt_addrtype.ko
  LD [M]  net/netfilter/xt_bpf.ko
  LD [M]  net/netfilter/xt_cluster.ko
  LD [M]  net/netfilter/xt_comment.ko
  LD [M]  net/netfilter/xt_connbytes.ko
  LD [M]  net/netfilter/xt_connlabel.ko
  LD [M]  net/netfilter/xt_connlimit.ko
  LD [M]  net/netfilter/xt_connmark.ko
  LD [M]  net/netfilter/xt_conntrack.ko
  LD [M]  net/netfilter/xt_cpu.ko
  LD [M]  net/netfilter/xt_dccp.ko
  LD [M]  net/netfilter/xt_devgroup.ko
  LD [M]  net/netfilter/xt_dscp.ko
  LD [M]  net/netfilter/xt_esp.ko
  LD [M]  net/netfilter/xt_hashlimit.ko
  LD [M]  net/netfilter/xt_helper.ko
  LD [M]  net/netfilter/xt_iprange.ko
  LD [M]  net/netfilter/xt_l2tp.ko
  LD [M]  net/netfilter/xt_ipvs.ko
  LD [M]  net/netfilter/xt_length.ko
  LD [M]  net/netfilter/xt_limit.ko
  LD [M]  net/netfilter/xt_mac.ko
  LD [M]  net/netfilter/xt_mark.ko
  LD [M]  net/netfilter/xt_multiport.ko
  LD [M]  net/netfilter/xt_nat.ko
  LD [M]  net/netfilter/xt_nfacct.ko
  LD [M]  net/netfilter/xt_osf.ko
  LD [M]  net/netfilter/xt_pkttype.ko
  LD [M]  net/netfilter/xt_policy.ko
  LD [M]  net/netfilter/xt_quota.ko
  LD [M]  net/netfilter/xt_owner.ko
  LD [M]  net/netfilter/xt_rateest.ko
  LD [M]  net/netfilter/xt_realm.ko
  LD [M]  net/netfilter/xt_recent.ko
  LD [M]  net/netfilter/xt_sctp.ko
  LD [M]  net/netfilter/xt_set.ko
  LD [M]  net/netfilter/xt_state.ko
  LD [M]  net/netfilter/xt_statistic.ko
  LD [M]  net/netfilter/xt_string.ko
  LD [M]  net/netfilter/xt_tcpmss.ko
  LD [M]  net/netfilter/xt_time.ko
  LD [M]  net/netfilter/xt_u32.ko
  LD [M]  net/netrom/netrom.ko
  LD [M]  net/nfc/nfc.ko
  LD [M]  net/nsh/nsh.ko
  LD [M]  net/openvswitch/openvswitch.ko
  LD [M]  net/openvswitch/vport-gre.ko
  LD [M]  net/openvswitch/vport-vxlan.ko
  LD [M]  net/psample/psample.ko
  LD [M]  net/rfkill/rfkill.ko
  LD [M]  net/rose/rose.ko
  LD [M]  net/sched/act_bpf.ko
  LD [M]  net/sched/act_connmark.ko
  LD [M]  net/sched/act_csum.ko
  LD [M]  net/sched/act_gact.ko
  LD [M]  net/sched/act_ife.ko
  LD [M]  net/sched/act_ipt.ko
  LD [M]  net/sched/act_meta_mark.ko
  LD [M]  net/sched/act_meta_skbprio.ko
  LD [M]  net/sched/act_meta_skbtcindex.ko
  LD [M]  net/sched/act_mirred.ko
  LD [M]  net/sched/act_nat.ko
  LD [M]  net/sched/act_pedit.ko
  LD [M]  net/sched/act_police.ko
  LD [M]  net/sched/act_sample.ko
  LD [M]  net/sched/act_simple.ko
  LD [M]  net/sched/act_skbmod.ko
  LD [M]  net/sched/act_skbedit.ko
  LD [M]  net/sched/act_tunnel_key.ko
  LD [M]  net/sched/act_vlan.ko
  LD [M]  net/sched/cls_basic.ko
  LD [M]  net/sched/cls_bpf.ko
  LD [M]  net/sched/cls_flower.ko
  LD [M]  net/sched/cls_cgroup.ko
  LD [M]  net/sched/cls_flow.ko
  LD [M]  net/sched/cls_fw.ko
  LD [M]  net/sched/cls_route.ko
  LD [M]  net/sched/cls_matchall.ko
  LD [M]  net/sched/cls_u32.ko
  LD [M]  net/sched/em_cmp.ko
  LD [M]  net/sched/em_ipset.ko
  LD [M]  net/sched/em_meta.ko
  LD [M]  net/sched/em_nbyte.ko
  LD [M]  net/sched/em_text.ko
  LD [M]  net/sched/em_u32.ko
  LD [M]  net/sched/sch_choke.ko
  LD [M]  net/sched/sch_codel.ko
  LD [M]  net/sched/sch_fq.ko
  LD [M]  net/sched/sch_drr.ko
  LD [M]  net/sched/sch_fq_codel.ko
  LD [M]  net/sched/sch_gred.ko
  LD [M]  net/sched/sch_hfsc.ko
  LD [M]  net/sched/sch_hhf.ko
  LD [M]  net/sched/sch_htb.ko
  LD [M]  net/sched/sch_ingress.ko
  LD [M]  net/sched/sch_mqprio.ko
  LD [M]  net/sched/sch_multiq.ko
  LD [M]  net/sched/sch_netem.ko
  LD [M]  net/sched/sch_pie.ko
  LD [M]  net/sched/sch_prio.ko
  LD [M]  net/sched/sch_plug.ko
  LD [M]  net/sched/sch_red.ko
  LD [M]  net/sched/sch_sfb.ko
  LD [M]  net/sched/sch_sfq.ko
  LD [M]  net/sched/sch_tbf.ko
  LD [M]  net/sched/sch_qfq.ko
  LD [M]  net/sched/sch_teql.ko
  LD [M]  net/sctp/sctp.ko
  LD [M]  net/sctp/sctp_diag.ko
  LD [M]  net/wireless/cfg80211.ko
  LD [M]  net/wireless/lib80211.ko
  LD [M]  net/wireless/lib80211_crypt_ccmp.ko
  LD [M]  net/wireless/lib80211_crypt_tkip.ko
  LD [M]  net/wireless/lib80211_crypt_wep.ko
  LD [M]  net/xfrm/xfrm_interface.ko
  LD [M]  net/xfrm/xfrm_ipcomp.ko
  LD [M]  sound/soc/codecs/es7210.ko
  LD [M]  sound/soc/codecs/es8156.ko
  LD [M]  sound/soc/codecs/es8311.ko
  LD [M]  sound/soc/codecs/snd-soc-es8326.ko
  LD [M]  sound/soc/codecs/snd-soc-googlevoicehat-codec.ko
  LD [M]  sound/soc/codecs/snd-soc-hdmi-codec.ko
  LD [M]  sound/soc/dwc/designware_i2s.ko
  LD [M]  sound/soc/codecs/snd-soc-wm8960.ko
  LD [M]  sound/soc/generic/snd-soc-simple-card-utils.ko
  LD [M]  sound/soc/generic/snd-soc-simple-card.ko
  LD [M]  sound/soc/hobot/snd-soc-duplex-card.ko
  LD [M]  sound/soc/hobot/snd-soc-hobot-sound-duplex-host.ko
  LD [M]  sound/soc/hobot/snd-soc-hobot-sound-machine.ko
  LD [M]  sound/usb/6fire/snd-usb-6fire.ko
  LD [M]  sound/usb/hiface/snd-usb-hiface.ko
  LD [M]  sound/usb/caiaq/snd-usb-caiaq.ko
  LD [M]  sound/usb/line6/snd-usb-line6.ko
  LD [M]  sound/usb/misc/snd-ua101.ko
  LD [M]  sound/usb/line6/snd-usb-toneport.ko
